<?xml version="1.0" encoding="UTF-8"?>
<robot generator="Robot 7.3.2 (Python 3.12.3 on linux)" generated="2026-02-13T21:59:28.703272" rpa="false" schemaversion="5">
<suite id="s1" name="Tests" source="/home/pwuser/ns8-module/tests">
<kw name="Connect to the node" type="SETUP">
<kw name="Open Connection" owner="SSHLibrary">
<arg>${NODE_ADDR}</arg>
<doc>Opens a new SSH connection to the given ``host`` and ``port``.</doc>
<status status="PASS" start="2026-02-13T21:59:28.780544" elapsed="0.000175"/>
</kw>
<kw name="Login With Public Key" owner="SSHLibrary">
<msg time="2026-02-13T21:59:28.781011" level="INFO">Logging into 'rl1.e2e-tests.mv.nethserver.net:22' as 'root'.</msg>
<msg time="2026-02-13T21:59:30.695193" level="INFO">Read output: 
NethServer cluster-admin UI:
  - https://rl1.e2e-tests.mv.nethserver.net/cluster-admin/
  - https://174.138.4.244/cluster-admin/

Activate the web console with: systemctl enable --now cockpit.socket

Last login: Fri Feb 13 21:57:59 2026 from 2.119.67.169
[?2004h[root@rl1 ~]#</msg>
<arg>root</arg>
<arg>${SSH_KEYFILE}</arg>
<doc>Logs into the SSH server using key-based authentication.</doc>
<status status="PASS" start="2026-02-13T21:59:28.780815" elapsed="1.914601"/>
</kw>
<kw name="Execute Command" owner="SSHLibrary">
<msg time="2026-02-13T21:59:30.695974" level="INFO">Executing command 'systemctl is-system-running'.</msg>
<msg time="2026-02-13T21:59:30.871171" level="INFO">Command exited with return code 0.</msg>
<msg time="2026-02-13T21:59:30.871502" level="INFO">${output} = running</msg>
<var>${output}</var>
<arg>systemctl is-system-running</arg>
<arg>--wait</arg>
<doc>Executes ``command`` on the remote machine and returns its outputs.</doc>
<status status="PASS" start="2026-02-13T21:59:30.695698" elapsed="0.175843"/>
</kw>
<kw name="Should Be True" owner="BuiltIn">
<arg>'${output}' == 'running' or '${output}' == 'degraded'</arg>
<doc>Fails if the given condition is not true.</doc>
<status status="PASS" start="2026-02-13T21:59:30.871775" elapsed="0.000562"/>
</kw>
<status status="PASS" start="2026-02-13T21:59:28.780249" elapsed="2.092196"/>
</kw>
<suite id="s1-s1" name="00 Nethvoice-Proxy Add-Module" source="/home/pwuser/ns8-module/tests/00_nethvoice-proxy_add-module.robot">
<test id="s1-s1-t1" name="Check if nethvoice-proxy is installed correctly" line="6">
<kw name="Execute Command" owner="SSHLibrary">
<msg time="2026-02-13T21:59:30.876142" level="INFO">Executing command 'add-module ghcr.io/nethesis/nethvoice-proxy:main 1'.</msg>
<msg time="2026-02-13T22:00:33.321763" level="INFO">Command exited with return code 0.</msg>
<msg time="2026-02-13T22:00:33.322404" level="INFO">${output} = {'module_id': 'nethvoice-proxy1', 'image_name': 'nethvoice-proxy', 'image_url': 'ghcr.io/nethesis/nethvoice-proxy:main'}</msg>
<msg time="2026-02-13T22:00:33.322490" level="INFO">${rc} = 0</msg>
<var>${output}</var>
<var>${rc}</var>
<arg>add-module ${IMAGE_URL} 1</arg>
<arg>return_rc=True</arg>
<doc>Executes ``command`` on the remote machine and returns its outputs.</doc>
<status status="PASS" start="2026-02-13T21:59:30.876000" elapsed="62.446529"/>
</kw>
<kw name="Should Be Equal As Integers" owner="BuiltIn">
<msg time="2026-02-13T22:00:33.323207" level="INFO">Argument types are:
&lt;class 'int'&gt;
&lt;class 'str'&gt;</msg>
<arg>${rc}</arg>
<arg>0</arg>
<doc>Fails if objects are unequal after converting them to integers.</doc>
<status status="PASS" start="2026-02-13T22:00:33.322832" elapsed="0.000476"/>
</kw>
<kw name="Evaluate" owner="BuiltIn">
<msg time="2026-02-13T22:00:33.323946" level="INFO">&amp;{output} = { module_id=nethvoice-proxy1 | image_name=nethvoice-proxy | image_url=ghcr.io/nethesis/nethvoice-proxy:main }</msg>
<var>&amp;{output}</var>
<arg>${output}</arg>
<doc>Evaluates the given expression in Python and returns the result.</doc>
<status status="PASS" start="2026-02-13T22:00:33.323456" elapsed="0.000507"/>
</kw>
<kw name="Set Global Variable" owner="BuiltIn">
<msg time="2026-02-13T22:00:33.324716" level="INFO">${module_id} = nethvoice-proxy1</msg>
<arg>${module_id}</arg>
<arg>${output.module_id}</arg>
<doc>Makes a variable available globally in all tests and suites.</doc>
<status status="PASS" start="2026-02-13T22:00:33.324054" elapsed="0.000690"/>
</kw>
<status status="PASS" start="2026-02-13T21:59:30.875804" elapsed="62.449033"/>
</test>
<test id="s1-s1-t2" name="Gather system information" line="13">
<kw name="Run task" owner="api">
<kw name="Execute Command" owner="SSHLibrary">
<msg time="2026-02-13T22:00:33.326189" level="INFO">Executing command 'api-cli run module/nethvoice-proxy1/get-available-interfaces --data '{}''.</msg>
<msg time="2026-02-13T22:00:35.121057" level="INFO">Command exited with return code 0.</msg>
<msg time="2026-02-13T22:00:35.121362" level="INFO">${stdout} = {"data": [{"name": "lo", "addresses": [{"address": "127.0.0.1", "network": "127.0.0.0/8", "family": "inet"}, {"address": "::1", "network": "::1/128", "family": "inet6"}]}, {"name": "eth0", "addresses"...</msg>
<msg time="2026-02-13T22:00:35.121403" level="INFO">${stderr} = </msg>
<msg time="2026-02-13T22:00:35.121434" level="INFO">${rc} = 0</msg>
<var>${stdout}</var>
<var>${stderr}</var>
<var>${rc}</var>
<arg>api-cli run ${action} --data '${input}'</arg>
<arg>return_stdout=True</arg>
<arg>return_stderr=True</arg>
<arg>return_rc=True</arg>
<doc>Executes ``command`` on the remote machine and returns its outputs.</doc>
<status status="PASS" start="2026-02-13T22:00:33.326006" elapsed="1.795447"/>
</kw>
<kw name="Should Be Equal As Integers" owner="BuiltIn">
<msg time="2026-02-13T22:00:35.121943" level="INFO">Argument types are:
&lt;class 'str'&gt;
&lt;class 'int'&gt;</msg>
<arg>${rc_expected}</arg>
<arg>${rc}</arg>
<arg>Run task ${action} failed!${\n}${stderr}</arg>
<doc>Fails if objects are unequal after converting them to integers.</doc>
<status status="PASS" start="2026-02-13T22:00:35.121640" elapsed="0.000358"/>
</kw>
<if>
<branch type="IF" condition="${decode_json} and len($stdout) &gt; 0">
<kw name="Evaluate" owner="BuiltIn">
<msg time="2026-02-13T22:00:35.122729" level="INFO">${response} = {'data': [{'name': 'lo', 'addresses': [{'address': '127.0.0.1', 'network': '127.0.0.0/8', 'family': 'inet'}, {'address': '::1', 'network': '::1/128', 'family': 'inet6'}]}, {'name': 'eth0', 'addresses'...</msg>
<var>${response}</var>
<arg>json.loads('''${stdout}''')</arg>
<arg>modules=json</arg>
<doc>Evaluates the given expression in Python and returns the result.</doc>
<status status="PASS" start="2026-02-13T22:00:35.122460" elapsed="0.000290"/>
</kw>
<status status="PASS" start="2026-02-13T22:00:35.122137" elapsed="0.000640"/>
</branch>
<branch type="ELSE">
<kw name="Set Variable" owner="BuiltIn">
<var>${response}</var>
<arg>${stdout}</arg>
<doc>Returns the given values which can then be assigned to a variables.</doc>
<status status="NOT RUN" start="2026-02-13T22:00:35.122879" elapsed="0.000014"/>
</kw>
<status status="NOT RUN" start="2026-02-13T22:00:35.122807" elapsed="0.000108"/>
</branch>
<status status="PASS" start="2026-02-13T22:00:35.122089" elapsed="0.000841"/>
</if>
<return>
<value>${response}</value>
<status status="PASS" start="2026-02-13T22:00:35.122968" elapsed="0.000052"/>
</return>
<msg time="2026-02-13T22:00:35.123148" level="INFO">${response} = {'data': [{'name': 'lo', 'addresses': [{'address': '127.0.0.1', 'network': '127.0.0.0/8', 'family': 'inet'}, {'address': '::1', 'network': '::1/128', 'family': 'inet6'}]}, {'name': 'eth0', 'addresses'...</msg>
<var>${response}</var>
<arg>module/${module_id}/get-available-interfaces</arg>
<arg>{}</arg>
<status status="PASS" start="2026-02-13T22:00:33.325735" elapsed="1.797432"/>
</kw>
<for flavor="IN">
<iter>
<kw name="Set Variable" owner="BuiltIn">
<msg time="2026-02-13T22:00:35.123849" level="INFO">${address} = 127.0.0.1</msg>
<var>${address}</var>
<arg>${interface['addresses'][0]['address']}</arg>
<doc>Returns the given values which can then be assigned to a variables.</doc>
<status status="PASS" start="2026-02-13T22:00:35.123619" elapsed="0.000244"/>
</kw>
<kw name="Exit For Loop If" owner="BuiltIn">
<arg>"${interface['name']}" == "wg0"</arg>
<doc>Stops executing the enclosing FOR loop if the ``condition`` is true.</doc>
<status status="PASS" start="2026-02-13T22:00:35.123916" elapsed="0.000413"/>
</kw>
<var name="${interface}">{'name': 'lo', 'addresses': [{'address': '127.0.0.1', 'network': '127.0.0.0/8', 'family': 'inet'}, {'address': '::1', 'network': '::1/128', 'family': 'inet6'}]}</var>
<status status="PASS" start="2026-02-13T22:00:35.123569" elapsed="0.001003"/>
</iter>
<iter>
<kw name="Set Variable" owner="BuiltIn">
<msg time="2026-02-13T22:00:35.124927" level="INFO">${address} = 174.138.4.244</msg>
<var>${address}</var>
<arg>${interface['addresses'][0]['address']}</arg>
<doc>Returns the given values which can then be assigned to a variables.</doc>
<status status="PASS" start="2026-02-13T22:00:35.124690" elapsed="0.000252"/>
</kw>
<kw name="Exit For Loop If" owner="BuiltIn">
<arg>"${interface['name']}" == "wg0"</arg>
<doc>Stops executing the enclosing FOR loop if the ``condition`` is true.</doc>
<status status="PASS" start="2026-02-13T22:00:35.124994" elapsed="0.000399"/>
</kw>
<var name="${interface}">{'name': 'eth0', 'addresses': [{'address': '174.138.4.244', 'network': '174.138.0.0/20', 'family': 'inet'}, {'address': '10.18.0.12', 'network': '10.18.0.0/16', 'family': 'inet'}, {'address': '2a03:b0...</var>
<status status="PASS" start="2026-02-13T22:00:35.124645" elapsed="0.000768"/>
</iter>
<iter>
<kw name="Set Variable" owner="BuiltIn">
<msg time="2026-02-13T22:00:35.125722" level="INFO">${address} = 10.110.0.3</msg>
<var>${address}</var>
<arg>${interface['addresses'][0]['address']}</arg>
<doc>Returns the given values which can then be assigned to a variables.</doc>
<status status="PASS" start="2026-02-13T22:00:35.125511" elapsed="0.000226"/>
</kw>
<kw name="Exit For Loop If" owner="BuiltIn">
<arg>"${interface['name']}" == "wg0"</arg>
<doc>Stops executing the enclosing FOR loop if the ``condition`` is true.</doc>
<status status="PASS" start="2026-02-13T22:00:35.125787" elapsed="0.000391"/>
</kw>
<var name="${interface}">{'name': 'eth1', 'addresses': [{'address': '10.110.0.3', 'network': '10.110.0.0/20', 'family': 'inet'}, {'address': 'fe80::d0dc:c7ff:fef9:4a9d', 'network': 'fe80::/64', 'family': 'inet6'}]}</var>
<status status="PASS" start="2026-02-13T22:00:35.125471" elapsed="0.000727"/>
</iter>
<iter>
<kw name="Set Variable" owner="BuiltIn">
<msg time="2026-02-13T22:00:35.126710" level="INFO">${address} = 10.5.4.1</msg>
<var>${address}</var>
<arg>${interface['addresses'][0]['address']}</arg>
<doc>Returns the given values which can then be assigned to a variables.</doc>
<status status="PASS" start="2026-02-13T22:00:35.126297" elapsed="0.000428"/>
</kw>
<kw name="Exit For Loop If" owner="BuiltIn">
<msg time="2026-02-13T22:00:35.127164" level="INFO">Exiting for loop altogether.</msg>
<arg>"${interface['name']}" == "wg0"</arg>
<doc>Stops executing the enclosing FOR loop if the ``condition`` is true.</doc>
<status status="PASS" start="2026-02-13T22:00:35.126777" elapsed="0.000442"/>
</kw>
<var name="${interface}">{'name': 'wg0', 'addresses': [{'address': '10.5.4.1', 'network': '10.5.4.1/32', 'family': 'inet'}]}</var>
<status status="PASS" start="2026-02-13T22:00:35.126256" elapsed="0.000985"/>
</iter>
<var>${interface}</var>
<value>@{response['data']}</value>
<status status="PASS" start="2026-02-13T22:00:35.123229" elapsed="0.004031"/>
</for>
<kw name="Set Global Variable" owner="BuiltIn">
<msg time="2026-02-13T22:00:35.127704" level="INFO">${service_ip} = 10.5.4.1</msg>
<arg>${service_ip}</arg>
<arg>${address}</arg>
<doc>Makes a variable available globally in all tests and suites.</doc>
<status status="PASS" start="2026-02-13T22:00:35.127328" elapsed="0.000401"/>
</kw>
<for flavor="IN">
<iter>
<kw name="Set Variable" owner="BuiltIn">
<msg time="2026-02-13T22:00:35.128265" level="INFO">${address} = 127.0.0.1</msg>
<var>${address}</var>
<arg>${interface['addresses'][0]['address']}</arg>
<doc>Returns the given values which can then be assigned to a variables.</doc>
<status status="PASS" start="2026-02-13T22:00:35.128043" elapsed="0.000237"/>
</kw>
<kw name="Set Variable" owner="BuiltIn">
<msg time="2026-02-13T22:00:35.128567" level="INFO">${network} = 127.0.0.0/8</msg>
<var>${network}</var>
<arg>${interface['addresses'][0]['network']}</arg>
<doc>Returns the given values which can then be assigned to a variables.</doc>
<status status="PASS" start="2026-02-13T22:00:35.128331" elapsed="0.000249"/>
</kw>
<kw name="Exit For Loop If" owner="BuiltIn">
<arg>"${interface['name']}" == "eth0"</arg>
<doc>Stops executing the enclosing FOR loop if the ``condition`` is true.</doc>
<status status="PASS" start="2026-02-13T22:00:35.128629" elapsed="0.000376"/>
</kw>
<var name="${interface}">{'name': 'lo', 'addresses': [{'address': '127.0.0.1', 'network': '127.0.0.0/8', 'family': 'inet'}, {'address': '::1', 'network': '::1/128', 'family': 'inet6'}]}</var>
<status status="PASS" start="2026-02-13T22:00:35.127993" elapsed="0.001031"/>
</iter>
<iter>
<kw name="Set Variable" owner="BuiltIn">
<msg time="2026-02-13T22:00:35.129351" level="INFO">${address} = 174.138.4.244</msg>
<var>${address}</var>
<arg>${interface['addresses'][0]['address']}</arg>
<doc>Returns the given values which can then be assigned to a variables.</doc>
<status status="PASS" start="2026-02-13T22:00:35.129142" elapsed="0.000223"/>
</kw>
<kw name="Set Variable" owner="BuiltIn">
<msg time="2026-02-13T22:00:35.129617" level="INFO">${network} = 174.138.0.0/20</msg>
<var>${network}</var>
<arg>${interface['addresses'][0]['network']}</arg>
<doc>Returns the given values which can then be assigned to a variables.</doc>
<status status="PASS" start="2026-02-13T22:00:35.129413" elapsed="0.000217"/>
</kw>
<kw name="Exit For Loop If" owner="BuiltIn">
<msg time="2026-02-13T22:00:35.130055" level="INFO">Exiting for loop altogether.</msg>
<arg>"${interface['name']}" == "eth0"</arg>
<doc>Stops executing the enclosing FOR loop if the ``condition`` is true.</doc>
<status status="PASS" start="2026-02-13T22:00:35.129677" elapsed="0.000479"/>
</kw>
<var name="${interface}">{'name': 'eth0', 'addresses': [{'address': '174.138.4.244', 'network': '174.138.0.0/20', 'family': 'inet'}, {'address': '10.18.0.12', 'network': '10.18.0.0/16', 'family': 'inet'}, {'address': '2a03:b0...</var>
<status status="PASS" start="2026-02-13T22:00:35.129102" elapsed="0.001088"/>
</iter>
<var>${interface}</var>
<value>@{response['data']}</value>
<status status="PASS" start="2026-02-13T22:00:35.127761" elapsed="0.002454"/>
</for>
<kw name="Set Global Variable" owner="BuiltIn">
<msg time="2026-02-13T22:00:35.130785" level="INFO">${local_ip} = 174.138.4.244</msg>
<arg>${local_ip}</arg>
<arg>${address}</arg>
<doc>Makes a variable available globally in all tests and suites.</doc>
<status status="PASS" start="2026-02-13T22:00:35.130295" elapsed="0.000522"/>
</kw>
<kw name="Set Global Variable" owner="BuiltIn">
<msg time="2026-02-13T22:00:35.131325" level="INFO">${local_network} = 174.138.0.0/20</msg>
<arg>${local_network}</arg>
<arg>${network}</arg>
<doc>Makes a variable available globally in all tests and suites.</doc>
<status status="PASS" start="2026-02-13T22:00:35.130889" elapsed="0.000466"/>
</kw>
<status status="PASS" start="2026-02-13T22:00:33.325359" elapsed="1.806081"/>
</test>
<test id="s1-s1-t3" name="Check if nethvoice-proxy is configured wih the correctly default values" line="29">
<kw name="Run task" owner="api">
<kw name="Execute Command" owner="SSHLibrary">
<msg time="2026-02-13T22:00:35.132322" level="INFO">Executing command 'api-cli run module/nethvoice-proxy1/list-service-providers --data '{"service": "sip", "transport": "tcp", "filter": {"module_id": "nethvoice-proxy1"}}''.</msg>
<msg time="2026-02-13T22:00:36.989684" level="INFO">Command exited with return code 0.</msg>
<msg time="2026-02-13T22:00:36.989998" level="INFO">${stdout} = [{"port": "5060", "host": "10.5.4.1", "address": "127.0.0.1", "public_address": "127.0.0.1", "fqdn": "15174.ns8.invalid", "node": "1", "module_uuid": "6ea6264b-8f35-4164-a1ea-8de6f7234f2b", "transport...</msg>
<msg time="2026-02-13T22:00:36.990075" level="INFO">${stderr} = </msg>
<msg time="2026-02-13T22:00:36.990132" level="INFO">${rc} = 0</msg>
<var>${stdout}</var>
<var>${stderr}</var>
<var>${rc}</var>
<arg>api-cli run ${action} --data '${input}'</arg>
<arg>return_stdout=True</arg>
<arg>return_stderr=True</arg>
<arg>return_rc=True</arg>
<doc>Executes ``command`` on the remote machine and returns its outputs.</doc>
<status status="PASS" start="2026-02-13T22:00:35.132171" elapsed="1.858170"/>
</kw>
<kw name="Should Be Equal As Integers" owner="BuiltIn">
<msg time="2026-02-13T22:00:36.990850" level="INFO">Argument types are:
&lt;class 'str'&gt;
&lt;class 'int'&gt;</msg>
<arg>${rc_expected}</arg>
<arg>${rc}</arg>
<arg>Run task ${action} failed!${\n}${stderr}</arg>
<doc>Fails if objects are unequal after converting them to integers.</doc>
<status status="PASS" start="2026-02-13T22:00:36.990565" elapsed="0.000335"/>
</kw>
<if>
<branch type="IF" condition="${decode_json} and len($stdout) &gt; 0">
<kw name="Evaluate" owner="BuiltIn">
<msg time="2026-02-13T22:00:36.991460" level="INFO">${response} = [{'port': '5060', 'host': '10.5.4.1', 'address': '127.0.0.1', 'public_address': '127.0.0.1', 'fqdn': '15174.ns8.invalid', 'node': '1', 'module_uuid': '6ea6264b-8f35-4164-a1ea-8de6f7234f2b', 'transport...</msg>
<var>${response}</var>
<arg>json.loads('''${stdout}''')</arg>
<arg>modules=json</arg>
<doc>Evaluates the given expression in Python and returns the result.</doc>
<status status="PASS" start="2026-02-13T22:00:36.991278" elapsed="0.000198"/>
</kw>
<status status="PASS" start="2026-02-13T22:00:36.990995" elapsed="0.000503"/>
</branch>
<branch type="ELSE">
<kw name="Set Variable" owner="BuiltIn">
<var>${response}</var>
<arg>${stdout}</arg>
<doc>Returns the given values which can then be assigned to a variables.</doc>
<status status="NOT RUN" start="2026-02-13T22:00:36.991578" elapsed="0.000010"/>
</kw>
<status status="NOT RUN" start="2026-02-13T22:00:36.991523" elapsed="0.000082"/>
</branch>
<status status="PASS" start="2026-02-13T22:00:36.990962" elapsed="0.000654"/>
</if>
<return>
<value>${response}</value>
<status status="PASS" start="2026-02-13T22:00:36.991649" elapsed="0.000039"/>
</return>
<msg time="2026-02-13T22:00:36.991781" level="INFO">${response} = [{'port': '5060', 'host': '10.5.4.1', 'address': '127.0.0.1', 'public_address': '127.0.0.1', 'fqdn': '15174.ns8.invalid', 'node': '1', 'module_uuid': '6ea6264b-8f35-4164-a1ea-8de6f7234f2b', 'transport...</msg>
<var>${response}</var>
<arg>module/${module_id}/list-service-providers</arg>
<arg>{"service": "sip", "transport": "tcp", "filter": {"module_id": "${module_id}"}}</arg>
<status status="PASS" start="2026-02-13T22:00:35.131876" elapsed="1.859920"/>
</kw>
<kw name="Should Be Equal" owner="BuiltIn">
<arg>${response[0]['host']}</arg>
<arg>${service_ip}</arg>
<doc>Fails if the given objects are unequal.</doc>
<status status="PASS" start="2026-02-13T22:00:36.991858" elapsed="0.000360"/>
</kw>
<kw name="Run task" owner="api">
<kw name="Execute Command" owner="SSHLibrary">
<msg time="2026-02-13T22:00:36.992790" level="INFO">Executing command 'api-cli run module/nethvoice-proxy1/list-service-providers --data '{"service": "sip", "transport": "udp", "filter": {"module_id": "nethvoice-proxy1"} }''.</msg>
<msg time="2026-02-13T22:00:38.713882" level="INFO">Command exited with return code 0.</msg>
<msg time="2026-02-13T22:00:38.714221" level="INFO">${stdout} = [{"port": "5060", "host": "10.5.4.1", "address": "127.0.0.1", "public_address": "127.0.0.1", "fqdn": "15174.ns8.invalid", "node": "1", "module_uuid": "6ea6264b-8f35-4164-a1ea-8de6f7234f2b", "transport...</msg>
<msg time="2026-02-13T22:00:38.714293" level="INFO">${stderr} = </msg>
<msg time="2026-02-13T22:00:38.714341" level="INFO">${rc} = 0</msg>
<var>${stdout}</var>
<var>${stderr}</var>
<var>${rc}</var>
<arg>api-cli run ${action} --data '${input}'</arg>
<arg>return_stdout=True</arg>
<arg>return_stderr=True</arg>
<arg>return_rc=True</arg>
<doc>Executes ``command`` on the remote machine and returns its outputs.</doc>
<status status="PASS" start="2026-02-13T22:00:36.992664" elapsed="1.721706"/>
</kw>
<kw name="Should Be Equal As Integers" owner="BuiltIn">
<msg time="2026-02-13T22:00:38.714842" level="INFO">Argument types are:
&lt;class 'str'&gt;
&lt;class 'int'&gt;</msg>
<arg>${rc_expected}</arg>
<arg>${rc}</arg>
<arg>Run task ${action} failed!${\n}${stderr}</arg>
<doc>Fails if objects are unequal after converting them to integers.</doc>
<status status="PASS" start="2026-02-13T22:00:38.714580" elapsed="0.000303"/>
</kw>
<if>
<branch type="IF" condition="${decode_json} and len($stdout) &gt; 0">
<kw name="Evaluate" owner="BuiltIn">
<msg time="2026-02-13T22:00:38.715396" level="INFO">${response} = [{'port': '5060', 'host': '10.5.4.1', 'address': '127.0.0.1', 'public_address': '127.0.0.1', 'fqdn': '15174.ns8.invalid', 'node': '1', 'module_uuid': '6ea6264b-8f35-4164-a1ea-8de6f7234f2b', 'transport...</msg>
<var>${response}</var>
<arg>json.loads('''${stdout}''')</arg>
<arg>modules=json</arg>
<doc>Evaluates the given expression in Python and returns the result.</doc>
<status status="PASS" start="2026-02-13T22:00:38.715200" elapsed="0.000211"/>
</kw>
<status status="PASS" start="2026-02-13T22:00:38.714955" elapsed="0.000476"/>
</branch>
<branch type="ELSE">
<kw name="Set Variable" owner="BuiltIn">
<var>${response}</var>
<arg>${stdout}</arg>
<doc>Returns the given values which can then be assigned to a variables.</doc>
<status status="NOT RUN" start="2026-02-13T22:00:38.715514" elapsed="0.000010"/>
</kw>
<status status="NOT RUN" start="2026-02-13T22:00:38.715460" elapsed="0.000081"/>
</branch>
<status status="PASS" start="2026-02-13T22:00:38.714933" elapsed="0.000619"/>
</if>
<return>
<value>${response}</value>
<status status="PASS" start="2026-02-13T22:00:38.715584" elapsed="0.000037"/>
</return>
<msg time="2026-02-13T22:00:38.715719" level="INFO">${response} = [{'port': '5060', 'host': '10.5.4.1', 'address': '127.0.0.1', 'public_address': '127.0.0.1', 'fqdn': '15174.ns8.invalid', 'node': '1', 'module_uuid': '6ea6264b-8f35-4164-a1ea-8de6f7234f2b', 'transport...</msg>
<var>${response}</var>
<arg>module/${module_id}/list-service-providers</arg>
<arg>{"service": "sip", "transport": "udp", "filter": {"module_id": "${module_id}"} }</arg>
<status status="PASS" start="2026-02-13T22:00:36.992420" elapsed="1.723313"/>
</kw>
<kw name="Should Be Equal" owner="BuiltIn">
<arg>${response[0]['host']}</arg>
<arg>${service_ip}</arg>
<doc>Fails if the given objects are unequal.</doc>
<status status="PASS" start="2026-02-13T22:00:38.715812" elapsed="0.000335"/>
</kw>
<status status="PASS" start="2026-02-13T22:00:35.131567" elapsed="3.584654"/>
</test>
<status status="PASS" start="2026-02-13T21:59:30.872540" elapsed="67.844016"/>
</suite>
<suite id="s1-s2" name="01 Container Health" source="/home/pwuser/ns8-module/tests/01_container_health.robot">
<test id="s1-s2-t1" name="Check rtpengine container is running" line="5">
<kw name="Execute Command" owner="SSHLibrary">
<msg time="2026-02-13T22:00:38.718438" level="INFO">Executing command 'runagent -m nethvoice-proxy1 podman ps --filter name=rtpengine --format "{{.Status}}"'.</msg>
<msg time="2026-02-13T22:00:39.939243" level="INFO">Command exited with return code 0.</msg>
<msg time="2026-02-13T22:00:39.939549" level="INFO">${output} = Up 10 seconds</msg>
<msg time="2026-02-13T22:00:39.939610" level="INFO">${rc} = 0</msg>
<var>${output}</var>
<var>${rc}</var>
<arg>runagent -m ${module_id} podman ps --filter name=rtpengine --format "{{.Status}}"</arg>
<arg>return_rc=True</arg>
<doc>Executes ``command`` on the remote machine and returns its outputs.</doc>
<status status="PASS" start="2026-02-13T22:00:38.718303" elapsed="1.221338"/>
</kw>
<kw name="Should Be Equal As Integers" owner="BuiltIn">
<msg time="2026-02-13T22:00:39.940202" level="INFO">Argument types are:
&lt;class 'int'&gt;
&lt;class 'str'&gt;</msg>
<arg>${rc}</arg>
<arg>0</arg>
<doc>Fails if objects are unequal after converting them to integers.</doc>
<status status="PASS" start="2026-02-13T22:00:39.939881" elapsed="0.000412"/>
</kw>
<kw name="Should Contain" owner="BuiltIn">
<arg>${output}</arg>
<arg>Up</arg>
<doc>Fails if ``container`` does not contain ``item`` one or more times.</doc>
<status status="PASS" start="2026-02-13T22:00:39.940421" elapsed="0.000175"/>
</kw>
<status status="PASS" start="2026-02-13T22:00:38.718147" elapsed="1.222747"/>
</test>
<test id="s1-s2-t2" name="Check rtpengine control socket is accessible" line="11">
<kw name="Execute Command" owner="SSHLibrary">
<msg time="2026-02-13T22:00:39.941421" level="INFO">Executing command 'runagent -m nethvoice-proxy1 podman exec rtpengine rtpengine-ctl list'.</msg>
<msg time="2026-02-13T22:00:41.199224" level="INFO">Command exited with return code 0.</msg>
<msg time="2026-02-13T22:00:41.199549" level="INFO">${output} = More parameters required.</msg>
<msg time="2026-02-13T22:00:41.199609" level="INFO">${rc} = 0</msg>
<var>${output}</var>
<var>${rc}</var>
<arg>runagent -m ${module_id} podman exec rtpengine rtpengine-ctl list</arg>
<arg>return_rc=True</arg>
<doc>Executes ``command`` on the remote machine and returns its outputs.</doc>
<status status="PASS" start="2026-02-13T22:00:39.941289" elapsed="1.258350"/>
</kw>
<kw name="Should Be Equal As Integers" owner="BuiltIn">
<msg time="2026-02-13T22:00:41.200044" level="INFO">Argument types are:
&lt;class 'int'&gt;
&lt;class 'str'&gt;</msg>
<arg>${rc}</arg>
<arg>0</arg>
<doc>Fails if objects are unequal after converting them to integers.</doc>
<status status="PASS" start="2026-02-13T22:00:41.199859" elapsed="0.000243"/>
</kw>
<status status="PASS" start="2026-02-13T22:00:39.941050" elapsed="1.259142"/>
</test>
<test id="s1-s2-t3" name="Check kamailio container is running" line="16">
<kw name="Execute Command" owner="SSHLibrary">
<msg time="2026-02-13T22:00:41.200964" level="INFO">Executing command 'runagent -m nethvoice-proxy1 podman ps --filter name=kamailio --format "{{.Status}}"'.</msg>
<msg time="2026-02-13T22:00:42.331860" level="INFO">Command exited with return code 0.</msg>
<msg time="2026-02-13T22:00:42.332358" level="INFO">${output} = Up 7 seconds</msg>
<msg time="2026-02-13T22:00:42.332402" level="INFO">${rc} = 0</msg>
<var>${output}</var>
<var>${rc}</var>
<arg>runagent -m ${module_id} podman ps --filter name=kamailio --format "{{.Status}}"</arg>
<arg>return_rc=True</arg>
<doc>Executes ``command`` on the remote machine and returns its outputs.</doc>
<status status="PASS" start="2026-02-13T22:00:41.200656" elapsed="1.131768"/>
</kw>
<kw name="Should Be Equal As Integers" owner="BuiltIn">
<msg time="2026-02-13T22:00:42.332818" level="INFO">Argument types are:
&lt;class 'int'&gt;
&lt;class 'str'&gt;</msg>
<arg>${rc}</arg>
<arg>0</arg>
<doc>Fails if objects are unequal after converting them to integers.</doc>
<status status="PASS" start="2026-02-13T22:00:42.332617" elapsed="0.000257"/>
</kw>
<kw name="Should Contain" owner="BuiltIn">
<arg>${output}</arg>
<arg>Up</arg>
<doc>Fails if ``container`` does not contain ``item`` one or more times.</doc>
<status status="PASS" start="2026-02-13T22:00:42.332962" elapsed="0.000128"/>
</kw>
<status status="PASS" start="2026-02-13T22:00:41.200332" elapsed="1.132849"/>
</test>
<test id="s1-s2-t4" name="Check kamailio is responding" line="22">
<kw name="Execute Command" owner="SSHLibrary">
<msg time="2026-02-13T22:00:42.333820" level="INFO">Executing command 'runagent -m nethvoice-proxy1 podman exec kamailio kamcmd core.uptime'.</msg>
<msg time="2026-02-13T22:00:43.620545" level="INFO">Command exited with return code 0.</msg>
<msg time="2026-02-13T22:00:43.620793" level="INFO">${output} = {
	now: Fri Feb 13 23:00:43 2026
	up_since: Fri Feb 13 23:00:35 2026
	uptime: 8
}</msg>
<msg time="2026-02-13T22:00:43.620828" level="INFO">${rc} = 0</msg>
<var>${output}</var>
<var>${rc}</var>
<arg>runagent -m ${module_id} podman exec kamailio kamcmd core.uptime</arg>
<arg>return_rc=True</arg>
<doc>Executes ``command`` on the remote machine and returns its outputs.</doc>
<status status="PASS" start="2026-02-13T22:00:42.333611" elapsed="1.287235"/>
</kw>
<kw name="Should Be Equal As Integers" owner="BuiltIn">
<msg time="2026-02-13T22:00:43.621206" level="INFO">Argument types are:
&lt;class 'int'&gt;
&lt;class 'str'&gt;</msg>
<arg>${rc}</arg>
<arg>0</arg>
<doc>Fails if objects are unequal after converting them to integers.</doc>
<status status="PASS" start="2026-02-13T22:00:43.621018" elapsed="0.000235"/>
</kw>
<kw name="Should Contain" owner="BuiltIn">
<arg>${output}</arg>
<arg>uptime</arg>
<doc>Fails if ``container`` does not contain ``item`` one or more times.</doc>
<status status="PASS" start="2026-02-13T22:00:43.621326" elapsed="0.000097"/>
</kw>
<status status="PASS" start="2026-02-13T22:00:42.333318" elapsed="1.288186"/>
</test>
<test id="s1-s2-t5" name="Check postgres container is running" line="28">
<kw name="Execute Command" owner="SSHLibrary">
<msg time="2026-02-13T22:00:43.622048" level="INFO">Executing command 'runagent -m nethvoice-proxy1 podman ps --filter name=postgres --format "{{.Status}}"'.</msg>
<msg time="2026-02-13T22:00:44.745545" level="INFO">Command exited with return code 0.</msg>
<msg time="2026-02-13T22:00:44.745785" level="INFO">${output} = Up 15 seconds</msg>
<msg time="2026-02-13T22:00:44.745820" level="INFO">${rc} = 0</msg>
<var>${output}</var>
<var>${rc}</var>
<arg>runagent -m ${module_id} podman ps --filter name=postgres --format "{{.Status}}"</arg>
<arg>return_rc=True</arg>
<doc>Executes ``command`` on the remote machine and returns its outputs.</doc>
<status status="PASS" start="2026-02-13T22:00:43.621859" elapsed="1.123979"/>
</kw>
<kw name="Should Be Equal As Integers" owner="BuiltIn">
<msg time="2026-02-13T22:00:44.746222" level="INFO">Argument types are:
&lt;class 'int'&gt;
&lt;class 'str'&gt;</msg>
<arg>${rc}</arg>
<arg>0</arg>
<doc>Fails if objects are unequal after converting them to integers.</doc>
<status status="PASS" start="2026-02-13T22:00:44.746005" elapsed="0.000295"/>
</kw>
<kw name="Should Contain" owner="BuiltIn">
<arg>${output}</arg>
<arg>Up</arg>
<doc>Fails if ``container`` does not contain ``item`` one or more times.</doc>
<status status="PASS" start="2026-02-13T22:00:44.746426" elapsed="0.000193"/>
</kw>
<status status="PASS" start="2026-02-13T22:00:43.621629" elapsed="1.125131"/>
</test>
<test id="s1-s2-t6" name="Check postgres is accepting connections" line="34">
<kw name="Execute Command" owner="SSHLibrary">
<msg time="2026-02-13T22:00:44.747635" level="INFO">Executing command 'runagent -m nethvoice-proxy1 podman exec postgres pg_isready -U postgres'.</msg>
<msg time="2026-02-13T22:00:46.078437" level="INFO">Command exited with return code 0.</msg>
<msg time="2026-02-13T22:00:46.078742" level="INFO">${output} = /var/run/postgresql:5432 - accepting connections</msg>
<msg time="2026-02-13T22:00:46.078803" level="INFO">${rc} = 0</msg>
<var>${output}</var>
<var>${rc}</var>
<arg>runagent -m ${module_id} podman exec postgres pg_isready -U postgres</arg>
<arg>return_rc=True</arg>
<doc>Executes ``command`` on the remote machine and returns its outputs.</doc>
<status status="PASS" start="2026-02-13T22:00:44.747478" elapsed="1.331355"/>
</kw>
<kw name="Should Be Equal As Integers" owner="BuiltIn">
<msg time="2026-02-13T22:00:46.079423" level="INFO">Argument types are:
&lt;class 'int'&gt;
&lt;class 'str'&gt;</msg>
<arg>${rc}</arg>
<arg>0</arg>
<doc>Fails if objects are unequal after converting them to integers.</doc>
<status status="PASS" start="2026-02-13T22:00:46.079102" elapsed="0.000401"/>
</kw>
<kw name="Should Contain" owner="BuiltIn">
<arg>${output}</arg>
<arg>accepting connections</arg>
<doc>Fails if ``container`` does not contain ``item`` one or more times.</doc>
<status status="PASS" start="2026-02-13T22:00:46.079650" elapsed="0.000190"/>
</kw>
<status status="PASS" start="2026-02-13T22:00:44.746952" elapsed="1.333097"/>
</test>
<test id="s1-s2-t7" name="Check redis container is running" line="40">
<kw name="Execute Command" owner="SSHLibrary">
<msg time="2026-02-13T22:00:46.080749" level="INFO">Executing command 'runagent -m nethvoice-proxy1 podman ps --filter name=redis --format "{{.Status}}"'.</msg>
<msg time="2026-02-13T22:00:47.423898" level="INFO">Command exited with return code 0.</msg>
<msg time="2026-02-13T22:00:47.424198" level="INFO">${output} = Up 18 seconds</msg>
<msg time="2026-02-13T22:00:47.424237" level="INFO">${rc} = 0</msg>
<var>${output}</var>
<var>${rc}</var>
<arg>runagent -m ${module_id} podman ps --filter name=redis --format "{{.Status}}"</arg>
<arg>return_rc=True</arg>
<doc>Executes ``command`` on the remote machine and returns its outputs.</doc>
<status status="PASS" start="2026-02-13T22:00:46.080589" elapsed="1.343790"/>
</kw>
<kw name="Should Be Equal As Integers" owner="BuiltIn">
<msg time="2026-02-13T22:00:47.424728" level="INFO">Argument types are:
&lt;class 'int'&gt;
&lt;class 'str'&gt;</msg>
<arg>${rc}</arg>
<arg>0</arg>
<doc>Fails if objects are unequal after converting them to integers.</doc>
<status status="PASS" start="2026-02-13T22:00:47.424558" elapsed="0.000226"/>
</kw>
<kw name="Should Contain" owner="BuiltIn">
<arg>${output}</arg>
<arg>Up</arg>
<doc>Fails if ``container`` does not contain ``item`` one or more times.</doc>
<status status="PASS" start="2026-02-13T22:00:47.424854" elapsed="0.000097"/>
</kw>
<status status="PASS" start="2026-02-13T22:00:46.080264" elapsed="1.344779"/>
</test>
<test id="s1-s2-t8" name="Check redis is responding" line="46">
<kw name="Execute Command" owner="SSHLibrary">
<msg time="2026-02-13T22:00:47.425566" level="INFO">Executing command 'runagent -m nethvoice-proxy1 podman exec redis redis-cli ping'.</msg>
<msg time="2026-02-13T22:00:49.010189" level="INFO">Command exited with return code 0.</msg>
<msg time="2026-02-13T22:00:49.010480" level="INFO">${output} = PONG</msg>
<msg time="2026-02-13T22:00:49.010507" level="INFO">${rc} = 0</msg>
<var>${output}</var>
<var>${rc}</var>
<arg>runagent -m ${module_id} podman exec redis redis-cli ping</arg>
<arg>return_rc=True</arg>
<doc>Executes ``command`` on the remote machine and returns its outputs.</doc>
<status status="PASS" start="2026-02-13T22:00:47.425413" elapsed="1.585109"/>
</kw>
<kw name="Should Be Equal As Integers" owner="BuiltIn">
<msg time="2026-02-13T22:00:49.010849" level="INFO">Argument types are:
&lt;class 'int'&gt;
&lt;class 'str'&gt;</msg>
<arg>${rc}</arg>
<arg>0</arg>
<doc>Fails if objects are unequal after converting them to integers.</doc>
<status status="PASS" start="2026-02-13T22:00:49.010683" elapsed="0.000205"/>
</kw>
<kw name="Should Contain" owner="BuiltIn">
<arg>${output}</arg>
<arg>PONG</arg>
<doc>Fails if ``container`` does not contain ``item`` one or more times.</doc>
<status status="PASS" start="2026-02-13T22:00:49.010954" elapsed="0.000101"/>
</kw>
<status status="PASS" start="2026-02-13T22:00:47.425183" elapsed="1.585951"/>
</test>
<status status="PASS" start="2026-02-13T22:00:38.716753" elapsed="10.294615"/>
</suite>
<suite id="s1-s3" name="10 Actions" source="/home/pwuser/ns8-module/tests/10_actions">
<suite id="s1-s3-s1" name="00 Add Route Validate" source="/home/pwuser/ns8-module/tests/10_actions/00_add_route_validate.robot">
<test id="s1-s3-s1-t1" name="Input can't be empty" line="6">
<kw name="Run task" owner="api">
<kw name="Execute Command" owner="SSHLibrary">
<msg time="2026-02-13T22:00:49.014180" level="INFO">Executing command 'api-cli run module/nethvoice-proxy1/add-route --data '{}''.</msg>
<msg time="2026-02-13T22:00:50.360166" level="INFO">Command exited with return code 10.</msg>
<msg time="2026-02-13T22:00:50.360448" level="INFO">${stdout} = [{"parameter": "(root)", "error": "(root)_required", "value": {}, "field": "(root)"}, {"parameter": "(root)", "error": "(root)_required", "value": {}, "field": "(root)"}]</msg>
<msg time="2026-02-13T22:00:50.360509" level="INFO">${stderr} = Validation errors: [(root): domain is required (root): address is required]</msg>
<msg time="2026-02-13T22:00:50.360561" level="INFO">${rc} = 10</msg>
<var>${stdout}</var>
<var>${stderr}</var>
<var>${rc}</var>
<arg>api-cli run ${action} --data '${input}'</arg>
<arg>return_stdout=True</arg>
<arg>return_stderr=True</arg>
<arg>return_rc=True</arg>
<doc>Executes ``command`` on the remote machine and returns its outputs.</doc>
<status status="PASS" start="2026-02-13T22:00:49.014036" elapsed="1.346553"/>
</kw>
<kw name="Should Be Equal As Integers" owner="BuiltIn">
<msg time="2026-02-13T22:00:50.361261" level="INFO">Argument types are:
&lt;class 'str'&gt;
&lt;class 'int'&gt;</msg>
<arg>${rc_expected}</arg>
<arg>${rc}</arg>
<arg>Run task ${action} failed!${\n}${stderr}</arg>
<doc>Fails if objects are unequal after converting them to integers.</doc>
<status status="PASS" start="2026-02-13T22:00:50.360813" elapsed="0.000534"/>
</kw>
<if>
<branch type="IF" condition="${decode_json} and len($stdout) &gt; 0">
<kw name="Evaluate" owner="BuiltIn">
<var>${response}</var>
<arg>json.loads('''${stdout}''')</arg>
<arg>modules=json</arg>
<doc>Evaluates the given expression in Python and returns the result.</doc>
<status status="NOT RUN" start="2026-02-13T22:00:50.361781" elapsed="0.000017"/>
</kw>
<status status="NOT RUN" start="2026-02-13T22:00:50.361471" elapsed="0.000356"/>
</branch>
<branch type="ELSE">
<kw name="Set Variable" owner="BuiltIn">
<msg time="2026-02-13T22:00:50.362083" level="INFO">${response} = [{"parameter": "(root)", "error": "(root)_required", "value": {}, "field": "(root)"}, {"parameter": "(root)", "error": "(root)_required", "value": {}, "field": "(root)"}]</msg>
<var>${response}</var>
<arg>${stdout}</arg>
<doc>Returns the given values which can then be assigned to a variables.</doc>
<status status="PASS" start="2026-02-13T22:00:50.361928" elapsed="0.000177"/>
</kw>
<status status="PASS" start="2026-02-13T22:00:50.361850" elapsed="0.000278"/>
</branch>
<status status="PASS" start="2026-02-13T22:00:50.361435" elapsed="0.000708"/>
</if>
<return>
<value>${response}</value>
<status status="PASS" start="2026-02-13T22:00:50.362177" elapsed="0.000040"/>
</return>
<msg time="2026-02-13T22:00:50.362318" level="INFO">${response} = [{"parameter": "(root)", "error": "(root)_required", "value": {}, "field": "(root)"}, {"parameter": "(root)", "error": "(root)_required", "value": {}, "field": "(root)"}]</msg>
<var>${response}</var>
<arg>module/${module_id}/add-route</arg>
<arg>{}</arg>
<arg>rc_expected=10</arg>
<arg>decode_json=False</arg>
<status status="PASS" start="2026-02-13T22:00:49.013790" elapsed="1.348552"/>
</kw>
<status status="PASS" start="2026-02-13T22:00:49.013531" elapsed="1.348902"/>
</test>
<test id="s1-s3-s1-t2" name="Domain is required" line="10">
<kw name="Run task" owner="api">
<kw name="Execute Command" owner="SSHLibrary">
<msg time="2026-02-13T22:00:50.363236" level="INFO">Executing command 'api-cli run module/nethvoice-proxy1/add-route --data '{"address": [{"uri": "sip:127.0.0.1:5080", "description": "module1"}]}''.</msg>
<msg time="2026-02-13T22:00:51.960578" level="INFO">Command exited with return code 10.</msg>
<msg time="2026-02-13T22:00:51.960806" level="INFO">${stdout} = [{"parameter": "(root)", "error": "(root)_required", "value": {"address": [{"description": "module1", "uri": "sip:127.0.0.1:5080"}]}, "field": "(root)"}]</msg>
<msg time="2026-02-13T22:00:51.960841" level="INFO">${stderr} = Validation errors: [(root): domain is required]</msg>
<msg time="2026-02-13T22:00:51.960868" level="INFO">${rc} = 10</msg>
<var>${stdout}</var>
<var>${stderr}</var>
<var>${rc}</var>
<arg>api-cli run ${action} --data '${input}'</arg>
<arg>return_stdout=True</arg>
<arg>return_stderr=True</arg>
<arg>return_rc=True</arg>
<doc>Executes ``command`` on the remote machine and returns its outputs.</doc>
<status status="PASS" start="2026-02-13T22:00:50.363087" elapsed="1.597798"/>
</kw>
<kw name="Should Be Equal As Integers" owner="BuiltIn">
<msg time="2026-02-13T22:00:51.961476" level="INFO">Argument types are:
&lt;class 'str'&gt;
&lt;class 'int'&gt;</msg>
<arg>${rc_expected}</arg>
<arg>${rc}</arg>
<arg>Run task ${action} failed!${\n}${stderr}</arg>
<doc>Fails if objects are unequal after converting them to integers.</doc>
<status status="PASS" start="2026-02-13T22:00:51.961084" elapsed="0.000472"/>
</kw>
<if>
<branch type="IF" condition="${decode_json} and len($stdout) &gt; 0">
<kw name="Evaluate" owner="BuiltIn">
<var>${response}</var>
<arg>json.loads('''${stdout}''')</arg>
<arg>modules=json</arg>
<doc>Evaluates the given expression in Python and returns the result.</doc>
<status status="NOT RUN" start="2026-02-13T22:00:51.962051" elapsed="0.000029"/>
</kw>
<status status="NOT RUN" start="2026-02-13T22:00:51.961678" elapsed="0.000686"/>
</branch>
<branch type="ELSE">
<kw name="Set Variable" owner="BuiltIn">
<msg time="2026-02-13T22:00:51.962654" level="INFO">${response} = [{"parameter": "(root)", "error": "(root)_required", "value": {"address": [{"description": "module1", "uri": "sip:127.0.0.1:5080"}]}, "field": "(root)"}]</msg>
<var>${response}</var>
<arg>${stdout}</arg>
<doc>Returns the given values which can then be assigned to a variables.</doc>
<status status="PASS" start="2026-02-13T22:00:51.962531" elapsed="0.000142"/>
</kw>
<status status="PASS" start="2026-02-13T22:00:51.962416" elapsed="0.000282"/>
</branch>
<status status="PASS" start="2026-02-13T22:00:51.961644" elapsed="0.001070"/>
</if>
<return>
<value>${response}</value>
<status status="PASS" start="2026-02-13T22:00:51.962746" elapsed="0.000038"/>
</return>
<msg time="2026-02-13T22:00:51.962886" level="INFO">${response} = [{"parameter": "(root)", "error": "(root)_required", "value": {"address": [{"description": "module1", "uri": "sip:127.0.0.1:5080"}]}, "field": "(root)"}]</msg>
<var>${response}</var>
<arg>module/${module_id}/add-route</arg>
<arg>{"address": [{"uri": "sip:127.0.0.1:5080", "description": "module1"}]}</arg>
<arg>rc_expected=10</arg>
<arg>decode_json=False</arg>
<status status="PASS" start="2026-02-13T22:00:50.362831" elapsed="1.600072"/>
</kw>
<status status="PASS" start="2026-02-13T22:00:50.362544" elapsed="1.600446"/>
</test>
<test id="s1-s3-s1-t3" name="Address list is required" line="14">
<kw name="Run task" owner="api">
<kw name="Execute Command" owner="SSHLibrary">
<msg time="2026-02-13T22:00:51.963810" level="INFO">Executing command 'api-cli run module/nethvoice-proxy1/add-route --data '{"domain": "ns8.test"}''.</msg>
<msg time="2026-02-13T22:00:53.449630" level="INFO">Command exited with return code 10.</msg>
<msg time="2026-02-13T22:00:53.449897" level="INFO">${stdout} = [{"parameter": "(root)", "error": "(root)_required", "value": {"domain": "ns8.test"}, "field": "(root)"}]</msg>
<msg time="2026-02-13T22:00:53.449931" level="INFO">${stderr} = Validation errors: [(root): address is required]</msg>
<msg time="2026-02-13T22:00:53.449971" level="INFO">${rc} = 10</msg>
<var>${stdout}</var>
<var>${stderr}</var>
<var>${rc}</var>
<arg>api-cli run ${action} --data '${input}'</arg>
<arg>return_stdout=True</arg>
<arg>return_stderr=True</arg>
<arg>return_rc=True</arg>
<doc>Executes ``command`` on the remote machine and returns its outputs.</doc>
<status status="PASS" start="2026-02-13T22:00:51.963679" elapsed="1.486309"/>
</kw>
<kw name="Should Be Equal As Integers" owner="BuiltIn">
<msg time="2026-02-13T22:00:53.450491" level="INFO">Argument types are:
&lt;class 'str'&gt;
&lt;class 'int'&gt;</msg>
<arg>${rc_expected}</arg>
<arg>${rc}</arg>
<arg>Run task ${action} failed!${\n}${stderr}</arg>
<doc>Fails if objects are unequal after converting them to integers.</doc>
<status status="PASS" start="2026-02-13T22:00:53.450195" elapsed="0.000345"/>
</kw>
<if>
<branch type="IF" condition="${decode_json} and len($stdout) &gt; 0">
<kw name="Evaluate" owner="BuiltIn">
<var>${response}</var>
<arg>json.loads('''${stdout}''')</arg>
<arg>modules=json</arg>
<doc>Evaluates the given expression in Python and returns the result.</doc>
<status status="NOT RUN" start="2026-02-13T22:00:53.450883" elapsed="0.000016"/>
</kw>
<status status="NOT RUN" start="2026-02-13T22:00:53.450632" elapsed="0.000293"/>
</branch>
<branch type="ELSE">
<kw name="Set Variable" owner="BuiltIn">
<msg time="2026-02-13T22:00:53.451184" level="INFO">${response} = [{"parameter": "(root)", "error": "(root)_required", "value": {"domain": "ns8.test"}, "field": "(root)"}]</msg>
<var>${response}</var>
<arg>${stdout}</arg>
<doc>Returns the given values which can then be assigned to a variables.</doc>
<status status="PASS" start="2026-02-13T22:00:53.451024" elapsed="0.000177"/>
</kw>
<status status="PASS" start="2026-02-13T22:00:53.450962" elapsed="0.000265"/>
</branch>
<status status="PASS" start="2026-02-13T22:00:53.450609" elapsed="0.000636"/>
</if>
<return>
<value>${response}</value>
<status status="PASS" start="2026-02-13T22:00:53.451282" elapsed="0.000038"/>
</return>
<msg time="2026-02-13T22:00:53.451438" level="INFO">${response} = [{"parameter": "(root)", "error": "(root)_required", "value": {"domain": "ns8.test"}, "field": "(root)"}]</msg>
<var>${response}</var>
<arg>module/${module_id}/add-route</arg>
<arg>{"domain": "ns8.test"}</arg>
<arg>rc_expected=10</arg>
<arg>decode_json=False</arg>
<status status="PASS" start="2026-02-13T22:00:51.963449" elapsed="1.488005"/>
</kw>
<status status="PASS" start="2026-02-13T22:00:51.963124" elapsed="1.488417"/>
</test>
<test id="s1-s3-s1-t4" name="Domain can't be empty" line="18">
<kw name="Run task" owner="api">
<kw name="Execute Command" owner="SSHLibrary">
<msg time="2026-02-13T22:00:53.452751" level="INFO">Executing command 'api-cli run module/nethvoice-proxy1/add-route --data '{"domain":"", "address":[{"uri": "sip:127.0.0.1:5080", "description": "module1"}]}''.</msg>
<msg time="2026-02-13T22:00:55.659701" level="INFO">Command exited with return code 10.</msg>
<msg time="2026-02-13T22:00:55.659938" level="INFO">${stdout} = [{"parameter": "domain", "error": "domain_string_gte", "value": "", "field": "domain"}]</msg>
<msg time="2026-02-13T22:00:55.659970" level="INFO">${stderr} = Validation errors: [domain: String length must be greater than or equal to 1]</msg>
<msg time="2026-02-13T22:00:55.659997" level="INFO">${rc} = 10</msg>
<var>${stdout}</var>
<var>${stderr}</var>
<var>${rc}</var>
<arg>api-cli run ${action} --data '${input}'</arg>
<arg>return_stdout=True</arg>
<arg>return_stderr=True</arg>
<arg>return_rc=True</arg>
<doc>Executes ``command`` on the remote machine and returns its outputs.</doc>
<status status="PASS" start="2026-02-13T22:00:53.452605" elapsed="2.207408"/>
</kw>
<kw name="Should Be Equal As Integers" owner="BuiltIn">
<msg time="2026-02-13T22:00:55.660478" level="INFO">Argument types are:
&lt;class 'str'&gt;
&lt;class 'int'&gt;</msg>
<arg>${rc_expected}</arg>
<arg>${rc}</arg>
<arg>Run task ${action} failed!${\n}${stderr}</arg>
<doc>Fails if objects are unequal after converting them to integers.</doc>
<status status="PASS" start="2026-02-13T22:00:55.660208" elapsed="0.000316"/>
</kw>
<if>
<branch type="IF" condition="${decode_json} and len($stdout) &gt; 0">
<kw name="Evaluate" owner="BuiltIn">
<var>${response}</var>
<arg>json.loads('''${stdout}''')</arg>
<arg>modules=json</arg>
<doc>Evaluates the given expression in Python and returns the result.</doc>
<status status="NOT RUN" start="2026-02-13T22:00:55.660809" elapsed="0.000014"/>
</kw>
<status status="NOT RUN" start="2026-02-13T22:00:55.660596" elapsed="0.000255"/>
</branch>
<branch type="ELSE">
<kw name="Set Variable" owner="BuiltIn">
<msg time="2026-02-13T22:00:55.661129" level="INFO">${response} = [{"parameter": "domain", "error": "domain_string_gte", "value": "", "field": "domain"}]</msg>
<var>${response}</var>
<arg>${stdout}</arg>
<doc>Returns the given values which can then be assigned to a variables.</doc>
<status status="PASS" start="2026-02-13T22:00:55.660950" elapsed="0.000196"/>
</kw>
<status status="PASS" start="2026-02-13T22:00:55.660877" elapsed="0.000288"/>
</branch>
<status status="PASS" start="2026-02-13T22:00:55.660574" elapsed="0.000603"/>
</if>
<return>
<value>${response}</value>
<status status="PASS" start="2026-02-13T22:00:55.661206" elapsed="0.000036"/>
</return>
<msg time="2026-02-13T22:00:55.661355" level="INFO">${response} = [{"parameter": "domain", "error": "domain_string_gte", "value": "", "field": "domain"}]</msg>
<var>${response}</var>
<arg>module/${module_id}/add-route</arg>
<arg>{"domain":"", "address":[{"uri": "sip:127.0.0.1:5080", "description": "module1"}]}</arg>
<arg>rc_expected=10</arg>
<arg>decode_json=False</arg>
<status status="PASS" start="2026-02-13T22:00:53.452329" elapsed="2.209040"/>
</kw>
<status status="PASS" start="2026-02-13T22:00:53.451762" elapsed="2.209683"/>
</test>
<test id="s1-s3-s1-t5" name="Address list can't be empty" line="22">
<kw name="Run task" owner="api">
<kw name="Execute Command" owner="SSHLibrary">
<msg time="2026-02-13T22:00:55.662458" level="INFO">Executing command 'api-cli run module/nethvoice-proxy1/add-route --data '{"domain":"ns8.test", "address":[]}''.</msg>
<msg time="2026-02-13T22:00:58.281986" level="INFO">Command exited with return code 10.</msg>
<msg time="2026-02-13T22:00:58.282252" level="INFO">${stdout} = [{"parameter": "address", "error": "address_array_min_items", "value": [], "field": "address"}]</msg>
<msg time="2026-02-13T22:00:58.282288" level="INFO">${stderr} = Validation errors: [address: Array must have at least 1 items]</msg>
<msg time="2026-02-13T22:00:58.282317" level="INFO">${rc} = 10</msg>
<var>${stdout}</var>
<var>${stderr}</var>
<var>${rc}</var>
<arg>api-cli run ${action} --data '${input}'</arg>
<arg>return_stdout=True</arg>
<arg>return_stderr=True</arg>
<arg>return_rc=True</arg>
<doc>Executes ``command`` on the remote machine and returns its outputs.</doc>
<status status="PASS" start="2026-02-13T22:00:55.662316" elapsed="2.620018"/>
</kw>
<kw name="Should Be Equal As Integers" owner="BuiltIn">
<msg time="2026-02-13T22:00:58.282787" level="INFO">Argument types are:
&lt;class 'str'&gt;
&lt;class 'int'&gt;</msg>
<arg>${rc_expected}</arg>
<arg>${rc}</arg>
<arg>Run task ${action} failed!${\n}${stderr}</arg>
<doc>Fails if objects are unequal after converting them to integers.</doc>
<status status="PASS" start="2026-02-13T22:00:58.282516" elapsed="0.000321"/>
</kw>
<if>
<branch type="IF" condition="${decode_json} and len($stdout) &gt; 0">
<kw name="Evaluate" owner="BuiltIn">
<var>${response}</var>
<arg>json.loads('''${stdout}''')</arg>
<arg>modules=json</arg>
<doc>Evaluates the given expression in Python and returns the result.</doc>
<status status="NOT RUN" start="2026-02-13T22:00:58.283167" elapsed="0.000016"/>
</kw>
<status status="NOT RUN" start="2026-02-13T22:00:58.282918" elapsed="0.000294"/>
</branch>
<branch type="ELSE">
<kw name="Set Variable" owner="BuiltIn">
<msg time="2026-02-13T22:00:58.283376" level="INFO">${response} = [{"parameter": "address", "error": "address_array_min_items", "value": [], "field": "address"}]</msg>
<var>${response}</var>
<arg>${stdout}</arg>
<doc>Returns the given values which can then be assigned to a variables.</doc>
<status status="PASS" start="2026-02-13T22:00:58.283283" elapsed="0.000106"/>
</kw>
<status status="PASS" start="2026-02-13T22:00:58.283233" elapsed="0.000175"/>
</branch>
<status status="PASS" start="2026-02-13T22:00:58.282894" elapsed="0.000525"/>
</if>
<return>
<value>${response}</value>
<status status="PASS" start="2026-02-13T22:00:58.283447" elapsed="0.000032"/>
</return>
<msg time="2026-02-13T22:00:58.283563" level="INFO">${response} = [{"parameter": "address", "error": "address_array_min_items", "value": [], "field": "address"}]</msg>
<var>${response}</var>
<arg>module/${module_id}/add-route</arg>
<arg>{"domain":"ns8.test", "address":[]}</arg>
<arg>rc_expected=10</arg>
<arg>decode_json=False</arg>
<status status="PASS" start="2026-02-13T22:00:55.661997" elapsed="2.621579"/>
</kw>
<status status="PASS" start="2026-02-13T22:00:55.661559" elapsed="2.622092"/>
</test>
<test id="s1-s3-s1-t6" name="URI field is required" line="26">
<kw name="Run task" owner="api">
<kw name="Execute Command" owner="SSHLibrary">
<msg time="2026-02-13T22:00:58.284458" level="INFO">Executing command 'api-cli run module/nethvoice-proxy1/add-route --data '{"domain":"ns8.test", "address":[{"description": "module1"}]}''.</msg>
<msg time="2026-02-13T22:00:59.542646" level="INFO">Command exited with return code 10.</msg>
<msg time="2026-02-13T22:00:59.542876" level="INFO">${stdout} = [{"parameter": "address", "error": "address_required", "value": {"description": "module1"}, "field": "address.0"}]</msg>
<msg time="2026-02-13T22:00:59.542910" level="INFO">${stderr} = Validation errors: [address.0: uri is required]</msg>
<msg time="2026-02-13T22:00:59.542938" level="INFO">${rc} = 10</msg>
<var>${stdout}</var>
<var>${stderr}</var>
<var>${rc}</var>
<arg>api-cli run ${action} --data '${input}'</arg>
<arg>return_stdout=True</arg>
<arg>return_stderr=True</arg>
<arg>return_rc=True</arg>
<doc>Executes ``command`` on the remote machine and returns its outputs.</doc>
<status status="PASS" start="2026-02-13T22:00:58.284324" elapsed="1.258631"/>
</kw>
<kw name="Should Be Equal As Integers" owner="BuiltIn">
<msg time="2026-02-13T22:00:59.543426" level="INFO">Argument types are:
&lt;class 'str'&gt;
&lt;class 'int'&gt;</msg>
<arg>${rc_expected}</arg>
<arg>${rc}</arg>
<arg>Run task ${action} failed!${\n}${stderr}</arg>
<doc>Fails if objects are unequal after converting them to integers.</doc>
<status status="PASS" start="2026-02-13T22:00:59.543155" elapsed="0.000319"/>
</kw>
<if>
<branch type="IF" condition="${decode_json} and len($stdout) &gt; 0">
<kw name="Evaluate" owner="BuiltIn">
<var>${response}</var>
<arg>json.loads('''${stdout}''')</arg>
<arg>modules=json</arg>
<doc>Evaluates the given expression in Python and returns the result.</doc>
<status status="NOT RUN" start="2026-02-13T22:00:59.543787" elapsed="0.000016"/>
</kw>
<status status="NOT RUN" start="2026-02-13T22:00:59.543555" elapsed="0.000274"/>
</branch>
<branch type="ELSE">
<kw name="Set Variable" owner="BuiltIn">
<msg time="2026-02-13T22:00:59.544020" level="INFO">${response} = [{"parameter": "address", "error": "address_required", "value": {"description": "module1"}, "field": "address.0"}]</msg>
<var>${response}</var>
<arg>${stdout}</arg>
<doc>Returns the given values which can then be assigned to a variables.</doc>
<status status="PASS" start="2026-02-13T22:00:59.543911" elapsed="0.000136"/>
</kw>
<status status="PASS" start="2026-02-13T22:00:59.543850" elapsed="0.000220"/>
</branch>
<status status="PASS" start="2026-02-13T22:00:59.543529" elapsed="0.000564"/>
</if>
<return>
<value>${response}</value>
<status status="PASS" start="2026-02-13T22:00:59.544129" elapsed="0.000038"/>
</return>
<msg time="2026-02-13T22:00:59.544265" level="INFO">${response} = [{"parameter": "address", "error": "address_required", "value": {"description": "module1"}, "field": "address.0"}]</msg>
<var>${response}</var>
<arg>module/${module_id}/add-route</arg>
<arg>{"domain":"ns8.test", "address":[{"description": "module1"}]}</arg>
<arg>rc_expected=10</arg>
<arg>decode_json=False</arg>
<status status="PASS" start="2026-02-13T22:00:58.284088" elapsed="1.260193"/>
</kw>
<status status="PASS" start="2026-02-13T22:00:58.283769" elapsed="1.260598"/>
</test>
<test id="s1-s3-s1-t7" name="URI field is can't be empty" line="30">
<kw name="Run task" owner="api">
<kw name="Execute Command" owner="SSHLibrary">
<msg time="2026-02-13T22:00:59.545215" level="INFO">Executing command 'api-cli run module/nethvoice-proxy1/add-route --data '{"domain":"ns8.test", "address":[{"uri": "", "description": "module1"}]}''.</msg>
<msg time="2026-02-13T22:01:00.871966" level="INFO">Command exited with return code 10.</msg>
<msg time="2026-02-13T22:01:00.872348" level="INFO">${stdout} = [{"parameter": "address", "error": "address_string_gte", "value": "", "field": "address.0.uri"}]</msg>
<msg time="2026-02-13T22:01:00.872411" level="INFO">${stderr} = Validation errors: [address.0.uri: String length must be greater than or equal to 1]</msg>
<msg time="2026-02-13T22:01:00.872461" level="INFO">${rc} = 10</msg>
<var>${stdout}</var>
<var>${stderr}</var>
<var>${rc}</var>
<arg>api-cli run ${action} --data '${input}'</arg>
<arg>return_stdout=True</arg>
<arg>return_stderr=True</arg>
<arg>return_rc=True</arg>
<doc>Executes ``command`` on the remote machine and returns its outputs.</doc>
<status status="PASS" start="2026-02-13T22:00:59.545042" elapsed="1.327456"/>
</kw>
<kw name="Should Be Equal As Integers" owner="BuiltIn">
<msg time="2026-02-13T22:01:00.873057" level="INFO">Argument types are:
&lt;class 'str'&gt;
&lt;class 'int'&gt;</msg>
<arg>${rc_expected}</arg>
<arg>${rc}</arg>
<arg>Run task ${action} failed!${\n}${stderr}</arg>
<doc>Fails if objects are unequal after converting them to integers.</doc>
<status status="PASS" start="2026-02-13T22:01:00.872761" elapsed="0.000343"/>
</kw>
<if>
<branch type="IF" condition="${decode_json} and len($stdout) &gt; 0">
<kw name="Evaluate" owner="BuiltIn">
<var>${response}</var>
<arg>json.loads('''${stdout}''')</arg>
<arg>modules=json</arg>
<doc>Evaluates the given expression in Python and returns the result.</doc>
<status status="NOT RUN" start="2026-02-13T22:01:00.873487" elapsed="0.000012"/>
</kw>
<status status="NOT RUN" start="2026-02-13T22:01:00.873274" elapsed="0.000257"/>
</branch>
<branch type="ELSE">
<kw name="Set Variable" owner="BuiltIn">
<msg time="2026-02-13T22:01:00.873698" level="INFO">${response} = [{"parameter": "address", "error": "address_string_gte", "value": "", "field": "address.0.uri"}]</msg>
<var>${response}</var>
<arg>${stdout}</arg>
<doc>Returns the given values which can then be assigned to a variables.</doc>
<status status="PASS" start="2026-02-13T22:01:00.873597" elapsed="0.000115"/>
</kw>
<status status="PASS" start="2026-02-13T22:01:00.873548" elapsed="0.000182"/>
</branch>
<status status="PASS" start="2026-02-13T22:01:00.873252" elapsed="0.000489"/>
</if>
<return>
<value>${response}</value>
<status status="PASS" start="2026-02-13T22:01:00.873772" elapsed="0.000049"/>
</return>
<msg time="2026-02-13T22:01:00.873917" level="INFO">${response} = [{"parameter": "address", "error": "address_string_gte", "value": "", "field": "address.0.uri"}]</msg>
<var>${response}</var>
<arg>module/${module_id}/add-route</arg>
<arg>{"domain":"ns8.test", "address":[{"uri": "", "description": "module1"}]}</arg>
<arg>rc_expected=10</arg>
<arg>decode_json=False</arg>
<status status="PASS" start="2026-02-13T22:00:59.544801" elapsed="1.329144"/>
</kw>
<status status="PASS" start="2026-02-13T22:00:59.544489" elapsed="1.329527"/>
</test>
<test id="s1-s3-s1-t8" name="Description field is required" line="34">
<kw name="Run task" owner="api">
<kw name="Execute Command" owner="SSHLibrary">
<msg time="2026-02-13T22:01:00.875046" level="INFO">Executing command 'api-cli run module/nethvoice-proxy1/add-route --data '{"domain":"ns8.test", "address":[{"uri": "sip:127.0.0.1:5080"}]}''.</msg>
<msg time="2026-02-13T22:01:02.230195" level="INFO">Command exited with return code 10.</msg>
<msg time="2026-02-13T22:01:02.230461" level="INFO">${stdout} = [{"parameter": "address", "error": "address_required", "value": {"uri": "sip:127.0.0.1:5080"}, "field": "address.0"}]</msg>
<msg time="2026-02-13T22:01:02.230539" level="INFO">${stderr} = Validation errors: [address.0: description is required]</msg>
<msg time="2026-02-13T22:01:02.230592" level="INFO">${rc} = 10</msg>
<var>${stdout}</var>
<var>${stderr}</var>
<var>${rc}</var>
<arg>api-cli run ${action} --data '${input}'</arg>
<arg>return_stdout=True</arg>
<arg>return_stderr=True</arg>
<arg>return_rc=True</arg>
<doc>Executes ``command`` on the remote machine and returns its outputs.</doc>
<status status="PASS" start="2026-02-13T22:01:00.874694" elapsed="1.355928"/>
</kw>
<kw name="Should Be Equal As Integers" owner="BuiltIn">
<msg time="2026-02-13T22:01:02.231352" level="INFO">Argument types are:
&lt;class 'str'&gt;
&lt;class 'int'&gt;</msg>
<arg>${rc_expected}</arg>
<arg>${rc}</arg>
<arg>Run task ${action} failed!${\n}${stderr}</arg>
<doc>Fails if objects are unequal after converting them to integers.</doc>
<status status="PASS" start="2026-02-13T22:01:02.230886" elapsed="0.000560"/>
</kw>
<if>
<branch type="IF" condition="${decode_json} and len($stdout) &gt; 0">
<kw name="Evaluate" owner="BuiltIn">
<var>${response}</var>
<arg>json.loads('''${stdout}''')</arg>
<arg>modules=json</arg>
<doc>Evaluates the given expression in Python and returns the result.</doc>
<status status="NOT RUN" start="2026-02-13T22:01:02.231993" elapsed="0.000028"/>
</kw>
<status status="NOT RUN" start="2026-02-13T22:01:02.231620" elapsed="0.000467"/>
</branch>
<branch type="ELSE">
<kw name="Set Variable" owner="BuiltIn">
<msg time="2026-02-13T22:01:02.232441" level="INFO">${response} = [{"parameter": "address", "error": "address_required", "value": {"uri": "sip:127.0.0.1:5080"}, "field": "address.0"}]</msg>
<var>${response}</var>
<arg>${stdout}</arg>
<doc>Returns the given values which can then be assigned to a variables.</doc>
<status status="PASS" start="2026-02-13T22:01:02.232249" elapsed="0.000223"/>
</kw>
<status status="PASS" start="2026-02-13T22:01:02.232142" elapsed="0.000370"/>
</branch>
<status status="PASS" start="2026-02-13T22:01:02.231558" elapsed="0.000979"/>
</if>
<return>
<value>${response}</value>
<status status="PASS" start="2026-02-13T22:01:02.232590" elapsed="0.000056"/>
</return>
<msg time="2026-02-13T22:01:02.232734" level="INFO">${response} = [{"parameter": "address", "error": "address_required", "value": {"uri": "sip:127.0.0.1:5080"}, "field": "address.0"}]</msg>
<var>${response}</var>
<arg>module/${module_id}/add-route</arg>
<arg>{"domain":"ns8.test", "address":[{"uri": "sip:127.0.0.1:5080"}]}</arg>
<arg>rc_expected=10</arg>
<arg>decode_json=False</arg>
<status status="PASS" start="2026-02-13T22:01:00.874452" elapsed="1.358295"/>
</kw>
<status status="PASS" start="2026-02-13T22:01:00.874138" elapsed="1.358696"/>
</test>
<status status="PASS" start="2026-02-13T22:00:49.012402" elapsed="13.220660"/>
</suite>
<suite id="s1-s3-s2" name="00 Add Trunk Validate" source="/home/pwuser/ns8-module/tests/10_actions/00_add_trunk_validate.robot">
<test id="s1-s3-s2-t1" name="Input can't be empty" line="6">
<kw name="Run task" owner="api">
<kw name="Execute Command" owner="SSHLibrary">
<msg time="2026-02-13T22:01:02.235618" level="INFO">Executing command 'api-cli run module/nethvoice-proxy1/add-trunk --data '{}''.</msg>
<msg time="2026-02-13T22:01:03.568679" level="INFO">Command exited with return code 10.</msg>
<msg time="2026-02-13T22:01:03.568997" level="INFO">${stdout} = [{"parameter": "(root)", "error": "(root)_required", "value": {}, "field": "(root)"}, {"parameter": "(root)", "error": "(root)_required", "value": {}, "field": "(root)"}]</msg>
<msg time="2026-02-13T22:01:03.569078" level="INFO">${stderr} = Validation errors: [(root): rule is required (root): destination is required]</msg>
<msg time="2026-02-13T22:01:03.569138" level="INFO">${rc} = 10</msg>
<var>${stdout}</var>
<var>${stderr}</var>
<var>${rc}</var>
<arg>api-cli run ${action} --data '${input}'</arg>
<arg>return_stdout=True</arg>
<arg>return_stderr=True</arg>
<arg>return_rc=True</arg>
<doc>Executes ``command`` on the remote machine and returns its outputs.</doc>
<status status="PASS" start="2026-02-13T22:01:02.235475" elapsed="1.333691"/>
</kw>
<kw name="Should Be Equal As Integers" owner="BuiltIn">
<msg time="2026-02-13T22:01:03.569930" level="INFO">Argument types are:
&lt;class 'str'&gt;
&lt;class 'int'&gt;</msg>
<arg>${rc_expected}</arg>
<arg>${rc}</arg>
<arg>Run task ${action} failed!${\n}${stderr}</arg>
<doc>Fails if objects are unequal after converting them to integers.</doc>
<status status="PASS" start="2026-02-13T22:01:03.569473" elapsed="0.000540"/>
</kw>
<if>
<branch type="IF" condition="${decode_json} and len($stdout) &gt; 0">
<kw name="Evaluate" owner="BuiltIn">
<var>${response}</var>
<arg>json.loads('''${stdout}''')</arg>
<arg>modules=json</arg>
<doc>Evaluates the given expression in Python and returns the result.</doc>
<status status="NOT RUN" start="2026-02-13T22:01:03.570451" elapsed="0.000013"/>
</kw>
<status status="NOT RUN" start="2026-02-13T22:01:03.570188" elapsed="0.000299"/>
</branch>
<branch type="ELSE">
<kw name="Set Variable" owner="BuiltIn">
<msg time="2026-02-13T22:01:03.570646" level="INFO">${response} = [{"parameter": "(root)", "error": "(root)_required", "value": {}, "field": "(root)"}, {"parameter": "(root)", "error": "(root)_required", "value": {}, "field": "(root)"}]</msg>
<var>${response}</var>
<arg>${stdout}</arg>
<doc>Returns the given values which can then be assigned to a variables.</doc>
<status status="PASS" start="2026-02-13T22:01:03.570558" elapsed="0.000102"/>
</kw>
<status status="PASS" start="2026-02-13T22:01:03.570507" elapsed="0.000171"/>
</branch>
<status status="PASS" start="2026-02-13T22:01:03.570149" elapsed="0.000540"/>
</if>
<return>
<value>${response}</value>
<status status="PASS" start="2026-02-13T22:01:03.570719" elapsed="0.000038"/>
</return>
<msg time="2026-02-13T22:01:03.570962" level="INFO">${response} = [{"parameter": "(root)", "error": "(root)_required", "value": {}, "field": "(root)"}, {"parameter": "(root)", "error": "(root)_required", "value": {}, "field": "(root)"}]</msg>
<var>${response}</var>
<arg>module/${module_id}/add-trunk</arg>
<arg>{}</arg>
<arg>rc_expected=10</arg>
<arg>decode_json=False</arg>
<status status="PASS" start="2026-02-13T22:01:02.235203" elapsed="1.335785"/>
</kw>
<status status="PASS" start="2026-02-13T22:01:02.234847" elapsed="1.336229"/>
</test>
<test id="s1-s3-s2-t2" name="Rule is required" line="10">
<kw name="Run task" owner="api">
<kw name="Execute Command" owner="SSHLibrary">
<msg time="2026-02-13T22:01:03.571875" level="INFO">Executing command 'api-cli run module/nethvoice-proxy1/add-trunk --data '{"destination": {"uri": "sip:127.0.0.1:5080", "description": "module1"}}''.</msg>
<msg time="2026-02-13T22:01:04.960630" level="INFO">Command exited with return code 10.</msg>
<msg time="2026-02-13T22:01:04.960893" level="INFO">${stdout} = [{"parameter": "(root)", "error": "(root)_required", "value": {"destination": {"description": "module1", "uri": "sip:127.0.0.1:5080"}}, "field": "(root)"}]</msg>
<msg time="2026-02-13T22:01:04.960938" level="INFO">${stderr} = Validation errors: [(root): rule is required]</msg>
<msg time="2026-02-13T22:01:04.960977" level="INFO">${rc} = 10</msg>
<var>${stdout}</var>
<var>${stderr}</var>
<var>${rc}</var>
<arg>api-cli run ${action} --data '${input}'</arg>
<arg>return_stdout=True</arg>
<arg>return_stderr=True</arg>
<arg>return_rc=True</arg>
<doc>Executes ``command`` on the remote machine and returns its outputs.</doc>
<status status="PASS" start="2026-02-13T22:01:03.571745" elapsed="1.389253"/>
</kw>
<kw name="Should Be Equal As Integers" owner="BuiltIn">
<msg time="2026-02-13T22:01:04.961686" level="INFO">Argument types are:
&lt;class 'str'&gt;
&lt;class 'int'&gt;</msg>
<arg>${rc_expected}</arg>
<arg>${rc}</arg>
<arg>Run task ${action} failed!${\n}${stderr}</arg>
<doc>Fails if objects are unequal after converting them to integers.</doc>
<status status="PASS" start="2026-02-13T22:01:04.961283" elapsed="0.000480"/>
</kw>
<if>
<branch type="IF" condition="${decode_json} and len($stdout) &gt; 0">
<kw name="Evaluate" owner="BuiltIn">
<var>${response}</var>
<arg>json.loads('''${stdout}''')</arg>
<arg>modules=json</arg>
<doc>Evaluates the given expression in Python and returns the result.</doc>
<status status="NOT RUN" start="2026-02-13T22:01:04.962388" elapsed="0.000013"/>
</kw>
<status status="NOT RUN" start="2026-02-13T22:01:04.961975" elapsed="0.000448"/>
</branch>
<branch type="ELSE">
<kw name="Set Variable" owner="BuiltIn">
<msg time="2026-02-13T22:01:04.962628" level="INFO">${response} = [{"parameter": "(root)", "error": "(root)_required", "value": {"destination": {"description": "module1", "uri": "sip:127.0.0.1:5080"}}, "field": "(root)"}]</msg>
<var>${response}</var>
<arg>${stdout}</arg>
<doc>Returns the given values which can then be assigned to a variables.</doc>
<status status="PASS" start="2026-02-13T22:01:04.962514" elapsed="0.000130"/>
</kw>
<status status="PASS" start="2026-02-13T22:01:04.962448" elapsed="0.000215"/>
</branch>
<status status="PASS" start="2026-02-13T22:01:04.961885" elapsed="0.000790"/>
</if>
<return>
<value>${response}</value>
<status status="PASS" start="2026-02-13T22:01:04.962720" elapsed="0.000069"/>
</return>
<msg time="2026-02-13T22:01:04.962902" level="INFO">${response} = [{"parameter": "(root)", "error": "(root)_required", "value": {"destination": {"description": "module1", "uri": "sip:127.0.0.1:5080"}}, "field": "(root)"}]</msg>
<var>${response}</var>
<arg>module/${module_id}/add-trunk</arg>
<arg>{"destination": {"uri": "sip:127.0.0.1:5080", "description": "module1"}}</arg>
<arg>rc_expected=10</arg>
<arg>decode_json=False</arg>
<status status="PASS" start="2026-02-13T22:01:03.571510" elapsed="1.391406"/>
</kw>
<status status="PASS" start="2026-02-13T22:01:03.571190" elapsed="1.391822"/>
</test>
<test id="s1-s3-s2-t3" name="Destination is required" line="14">
<kw name="Run task" owner="api">
<kw name="Execute Command" owner="SSHLibrary">
<msg time="2026-02-13T22:01:04.963945" level="INFO">Executing command 'api-cli run module/nethvoice-proxy1/add-trunk --data '{"rule": "05551594XX"}''.</msg>
<msg time="2026-02-13T22:01:06.301213" level="INFO">Command exited with return code 10.</msg>
<msg time="2026-02-13T22:01:06.301443" level="INFO">${stdout} = [{"parameter": "(root)", "error": "(root)_required", "value": {"rule": "05551594XX"}, "field": "(root)"}]</msg>
<msg time="2026-02-13T22:01:06.301477" level="INFO">${stderr} = Validation errors: [(root): destination is required]</msg>
<msg time="2026-02-13T22:01:06.301504" level="INFO">${rc} = 10</msg>
<var>${stdout}</var>
<var>${stderr}</var>
<var>${rc}</var>
<arg>api-cli run ${action} --data '${input}'</arg>
<arg>return_stdout=True</arg>
<arg>return_stderr=True</arg>
<arg>return_rc=True</arg>
<doc>Executes ``command`` on the remote machine and returns its outputs.</doc>
<status status="PASS" start="2026-02-13T22:01:04.963792" elapsed="1.337728"/>
</kw>
<kw name="Should Be Equal As Integers" owner="BuiltIn">
<msg time="2026-02-13T22:01:06.301975" level="INFO">Argument types are:
&lt;class 'str'&gt;
&lt;class 'int'&gt;</msg>
<arg>${rc_expected}</arg>
<arg>${rc}</arg>
<arg>Run task ${action} failed!${\n}${stderr}</arg>
<doc>Fails if objects are unequal after converting them to integers.</doc>
<status status="PASS" start="2026-02-13T22:01:06.301701" elapsed="0.000323"/>
</kw>
<if>
<branch type="IF" condition="${decode_json} and len($stdout) &gt; 0">
<kw name="Evaluate" owner="BuiltIn">
<var>${response}</var>
<arg>json.loads('''${stdout}''')</arg>
<arg>modules=json</arg>
<doc>Evaluates the given expression in Python and returns the result.</doc>
<status status="NOT RUN" start="2026-02-13T22:01:06.302426" elapsed="0.000017"/>
</kw>
<status status="NOT RUN" start="2026-02-13T22:01:06.302178" elapsed="0.000295"/>
</branch>
<branch type="ELSE">
<kw name="Set Variable" owner="BuiltIn">
<msg time="2026-02-13T22:01:06.302675" level="INFO">${response} = [{"parameter": "(root)", "error": "(root)_required", "value": {"rule": "05551594XX"}, "field": "(root)"}]</msg>
<var>${response}</var>
<arg>${stdout}</arg>
<doc>Returns the given values which can then be assigned to a variables.</doc>
<status status="PASS" start="2026-02-13T22:01:06.302558" elapsed="0.000135"/>
</kw>
<status status="PASS" start="2026-02-13T22:01:06.302494" elapsed="0.000224"/>
</branch>
<status status="PASS" start="2026-02-13T22:01:06.302150" elapsed="0.000583"/>
</if>
<return>
<value>${response}</value>
<status status="PASS" start="2026-02-13T22:01:06.302765" elapsed="0.000037"/>
</return>
<msg time="2026-02-13T22:01:06.302902" level="INFO">${response} = [{"parameter": "(root)", "error": "(root)_required", "value": {"rule": "05551594XX"}, "field": "(root)"}]</msg>
<var>${response}</var>
<arg>module/${module_id}/add-trunk</arg>
<arg>{"rule": "05551594XX"}</arg>
<arg>rc_expected=10</arg>
<arg>decode_json=False</arg>
<status status="PASS" start="2026-02-13T22:01:04.963526" elapsed="1.339393"/>
</kw>
<status status="PASS" start="2026-02-13T22:01:04.963168" elapsed="1.339840"/>
</test>
<test id="s1-s3-s2-t4" name="Rule can't be empty" line="18">
<kw name="Run task" owner="api">
<kw name="Execute Command" owner="SSHLibrary">
<msg time="2026-02-13T22:01:06.303924" level="INFO">Executing command 'api-cli run module/nethvoice-proxy1/add-trunk --data '{"rule":"", "destination":{"uri": "sip:127.0.0.1:5080", "description": "module1"}}''.</msg>
<msg time="2026-02-13T22:01:07.576265" level="INFO">Command exited with return code 10.</msg>
<msg time="2026-02-13T22:01:07.576495" level="INFO">${stdout} = [{"parameter": "rule", "error": "rule_string_gte", "value": "", "field": "rule"}]</msg>
<msg time="2026-02-13T22:01:07.576529" level="INFO">${stderr} = Validation errors: [rule: String length must be greater than or equal to 1]</msg>
<msg time="2026-02-13T22:01:07.576557" level="INFO">${rc} = 10</msg>
<var>${stdout}</var>
<var>${stderr}</var>
<var>${rc}</var>
<arg>api-cli run ${action} --data '${input}'</arg>
<arg>return_stdout=True</arg>
<arg>return_stderr=True</arg>
<arg>return_rc=True</arg>
<doc>Executes ``command`` on the remote machine and returns its outputs.</doc>
<status status="PASS" start="2026-02-13T22:01:06.303768" elapsed="1.272875"/>
</kw>
<kw name="Should Be Equal As Integers" owner="BuiltIn">
<msg time="2026-02-13T22:01:07.577084" level="INFO">Argument types are:
&lt;class 'str'&gt;
&lt;class 'int'&gt;</msg>
<arg>${rc_expected}</arg>
<arg>${rc}</arg>
<arg>Run task ${action} failed!${\n}${stderr}</arg>
<doc>Fails if objects are unequal after converting them to integers.</doc>
<status status="PASS" start="2026-02-13T22:01:07.576826" elapsed="0.000306"/>
</kw>
<if>
<branch type="IF" condition="${decode_json} and len($stdout) &gt; 0">
<kw name="Evaluate" owner="BuiltIn">
<var>${response}</var>
<arg>json.loads('''${stdout}''')</arg>
<arg>modules=json</arg>
<doc>Evaluates the given expression in Python and returns the result.</doc>
<status status="NOT RUN" start="2026-02-13T22:01:07.577417" elapsed="0.000012"/>
</kw>
<status status="NOT RUN" start="2026-02-13T22:01:07.577202" elapsed="0.000249"/>
</branch>
<branch type="ELSE">
<kw name="Set Variable" owner="BuiltIn">
<msg time="2026-02-13T22:01:07.577628" level="INFO">${response} = [{"parameter": "rule", "error": "rule_string_gte", "value": "", "field": "rule"}]</msg>
<var>${response}</var>
<arg>${stdout}</arg>
<doc>Returns the given values which can then be assigned to a variables.</doc>
<status status="PASS" start="2026-02-13T22:01:07.577520" elapsed="0.000121"/>
</kw>
<status status="PASS" start="2026-02-13T22:01:07.577469" elapsed="0.000191"/>
</branch>
<status status="PASS" start="2026-02-13T22:01:07.577181" elapsed="0.000490"/>
</if>
<return>
<value>${response}</value>
<status status="PASS" start="2026-02-13T22:01:07.577698" elapsed="0.000033"/>
</return>
<msg time="2026-02-13T22:01:07.577812" level="INFO">${response} = [{"parameter": "rule", "error": "rule_string_gte", "value": "", "field": "rule"}]</msg>
<var>${response}</var>
<arg>module/${module_id}/add-trunk</arg>
<arg>{"rule":"", "destination":{"uri": "sip:127.0.0.1:5080", "description": "module1"}}</arg>
<arg>rc_expected=10</arg>
<arg>decode_json=False</arg>
<status status="PASS" start="2026-02-13T22:01:06.303492" elapsed="1.274333"/>
</kw>
<status status="PASS" start="2026-02-13T22:01:06.303152" elapsed="1.274744"/>
</test>
<test id="s1-s3-s2-t5" name="Destination can't be empty" line="22">
<kw name="Run task" owner="api">
<kw name="Execute Command" owner="SSHLibrary">
<msg time="2026-02-13T22:01:07.578671" level="INFO">Executing command 'api-cli run module/nethvoice-proxy1/add-trunk --data '{"rule":"05551594XX", "destination":{}}''.</msg>
<msg time="2026-02-13T22:01:08.886266" level="INFO">Command exited with return code 10.</msg>
<msg time="2026-02-13T22:01:08.886580" level="INFO">${stdout} = [{"parameter": "destination", "error": "destination_required", "value": {}, "field": "destination"}, {"parameter": "destination", "error": "destination_required", "value": {}, "field": "destination"}]</msg>
<msg time="2026-02-13T22:01:08.886642" level="INFO">${stderr} = Validation errors: [destination: uri is required destination: description is required]</msg>
<msg time="2026-02-13T22:01:08.886692" level="INFO">${rc} = 10</msg>
<var>${stdout}</var>
<var>${stderr}</var>
<var>${rc}</var>
<arg>api-cli run ${action} --data '${input}'</arg>
<arg>return_stdout=True</arg>
<arg>return_stderr=True</arg>
<arg>return_rc=True</arg>
<doc>Executes ``command`` on the remote machine and returns its outputs.</doc>
<status status="PASS" start="2026-02-13T22:01:07.578544" elapsed="1.308175"/>
</kw>
<kw name="Should Be Equal As Integers" owner="BuiltIn">
<msg time="2026-02-13T22:01:08.887461" level="INFO">Argument types are:
&lt;class 'str'&gt;
&lt;class 'int'&gt;</msg>
<arg>${rc_expected}</arg>
<arg>${rc}</arg>
<arg>Run task ${action} failed!${\n}${stderr}</arg>
<doc>Fails if objects are unequal after converting them to integers.</doc>
<status status="PASS" start="2026-02-13T22:01:08.886976" elapsed="0.000571"/>
</kw>
<if>
<branch type="IF" condition="${decode_json} and len($stdout) &gt; 0">
<kw name="Evaluate" owner="BuiltIn">
<var>${response}</var>
<arg>json.loads('''${stdout}''')</arg>
<arg>modules=json</arg>
<doc>Evaluates the given expression in Python and returns the result.</doc>
<status status="NOT RUN" start="2026-02-13T22:01:08.887946" elapsed="0.000012"/>
</kw>
<status status="NOT RUN" start="2026-02-13T22:01:08.887674" elapsed="0.000306"/>
</branch>
<branch type="ELSE">
<kw name="Set Variable" owner="BuiltIn">
<msg time="2026-02-13T22:01:08.888148" level="INFO">${response} = [{"parameter": "destination", "error": "destination_required", "value": {}, "field": "destination"}, {"parameter": "destination", "error": "destination_required", "value": {}, "field": "destination"}]</msg>
<var>${response}</var>
<arg>${stdout}</arg>
<doc>Returns the given values which can then be assigned to a variables.</doc>
<status status="PASS" start="2026-02-13T22:01:08.888057" elapsed="0.000105"/>
</kw>
<status status="PASS" start="2026-02-13T22:01:08.887999" elapsed="0.000181"/>
</branch>
<status status="PASS" start="2026-02-13T22:01:08.887638" elapsed="0.000553"/>
</if>
<return>
<value>${response}</value>
<status status="PASS" start="2026-02-13T22:01:08.888220" elapsed="0.000038"/>
</return>
<msg time="2026-02-13T22:01:08.888345" level="INFO">${response} = [{"parameter": "destination", "error": "destination_required", "value": {}, "field": "destination"}, {"parameter": "destination", "error": "destination_required", "value": {}, "field": "destination"}]</msg>
<var>${response}</var>
<arg>module/${module_id}/add-trunk</arg>
<arg>{"rule":"05551594XX", "destination":{}}</arg>
<arg>rc_expected=10</arg>
<arg>decode_json=False</arg>
<status status="PASS" start="2026-02-13T22:01:07.578316" elapsed="1.310043"/>
</kw>
<status status="PASS" start="2026-02-13T22:01:07.577996" elapsed="1.310439"/>
</test>
<test id="s1-s3-s2-t6" name="URI field is required" line="26">
<kw name="Run task" owner="api">
<kw name="Execute Command" owner="SSHLibrary">
<msg time="2026-02-13T22:01:08.889375" level="INFO">Executing command 'api-cli run module/nethvoice-proxy1/add-trunk --data '{"rule":"05551594XX", "destination":{"description": "module1"}}''.</msg>
[...]
</kw>
<status status="NOT RUN" start="2026-02-13T22:06:49.376773" elapsed="0.000122"/>
</branch>
<status status="PASS" start="2026-02-13T22:06:49.376000" elapsed="0.000913"/>
</if>
<return>
<value>${response}</value>
<status status="PASS" start="2026-02-13T22:06:49.376956" elapsed="0.000060"/>
</return>
<arg>module/${module_id}/remove-trunk</arg>
<arg>{"rule":"${rule}"}</arg>
<status status="PASS" start="2026-02-13T22:06:47.679103" elapsed="1.698031"/>
</kw>
<arg>${PBX2_TRUNK_PATTERN}</arg>
<doc>Remove a trunk rule</doc>
<status status="PASS" start="2026-02-13T22:06:47.678559" elapsed="1.698619"/>
</kw>
<doc>Clean up all trunk rules created during e2e testing.</doc>
<status status="PASS" start="2026-02-13T22:06:46.057604" elapsed="3.319656"/>
</test>
<test id="s1-s4-s21-t4" name="Clean up SIPp files on node" line="26">
<kw name="Cleanup SIPp Artifacts" owner="sipp">
<kw name="Execute Command" owner="SSHLibrary">
<msg time="2026-02-13T22:06:49.377987" level="INFO">Executing command 'runagent -m nethvoice-proxy1 rm -rf $HOME/sipp_scenarios /tmp/sipp_ua*.csv /tmp/sipp_ua*.log /tmp/sipp_ua*.pid'.</msg>
<msg time="2026-02-13T22:06:50.540768" level="INFO">Command exited with return code 1.</msg>
<arg>runagent -m ${module_id} rm -rf ${SIPP_SCENARIOS_DIR} /tmp/sipp_ua*.csv /tmp/sipp_ua*.log /tmp/sipp_ua*.pid</arg>
<doc>Executes ``command`` on the remote machine and returns its outputs.</doc>
<status status="PASS" start="2026-02-13T22:06:49.377879" elapsed="1.163080"/>
</kw>
<doc>Remove all SIPp temporary files from the node</doc>
<status status="PASS" start="2026-02-13T22:06:49.377693" elapsed="1.163461"/>
</kw>
<doc>Remove all SIPp scenario files, logs, and stats from the node.</doc>
<status status="PASS" start="2026-02-13T22:06:49.377413" elapsed="1.163950"/>
</test>
<test id="s1-s4-s21-t5" name="Verify clean state after e2e tests" line="30">
<kw name="Run task" owner="api">
<kw name="Execute Command" owner="SSHLibrary">
<msg time="2026-02-13T22:06:50.542728" level="INFO">Executing command 'api-cli run module/nethvoice-proxy1/list-routes --data '{}''.</msg>
<msg time="2026-02-13T22:06:51.975262" level="INFO">Command exited with return code 0.</msg>
<msg time="2026-02-13T22:06:51.975507" level="INFO">${stdout} = []</msg>
<msg time="2026-02-13T22:06:51.975535" level="INFO">${stderr} = </msg>
<msg time="2026-02-13T22:06:51.975557" level="INFO">${rc} = 0</msg>
<var>${stdout}</var>
<var>${stderr}</var>
<var>${rc}</var>
<arg>api-cli run ${action} --data '${input}'</arg>
<arg>return_stdout=True</arg>
<arg>return_stderr=True</arg>
<arg>return_rc=True</arg>
<doc>Executes ``command`` on the remote machine and returns its outputs.</doc>
<status status="PASS" start="2026-02-13T22:06:50.542565" elapsed="1.433007"/>
</kw>
<kw name="Should Be Equal As Integers" owner="BuiltIn">
<msg time="2026-02-13T22:06:51.976003" level="INFO">Argument types are:
&lt;class 'str'&gt;
&lt;class 'int'&gt;</msg>
<arg>${rc_expected}</arg>
<arg>${rc}</arg>
<arg>Run task ${action} failed!${\n}${stderr}</arg>
<doc>Fails if objects are unequal after converting them to integers.</doc>
<status status="PASS" start="2026-02-13T22:06:51.975758" elapsed="0.000297"/>
</kw>
<if>
<branch type="IF" condition="${decode_json} and len($stdout) &gt; 0">
<kw name="Evaluate" owner="BuiltIn">
<msg time="2026-02-13T22:06:51.976544" level="INFO">${response} = []</msg>
<var>${response}</var>
<arg>json.loads('''${stdout}''')</arg>
<arg>modules=json</arg>
<doc>Evaluates the given expression in Python and returns the result.</doc>
<status status="PASS" start="2026-02-13T22:06:51.976374" elapsed="0.000186"/>
</kw>
<status status="PASS" start="2026-02-13T22:06:51.976141" elapsed="0.000440"/>
</branch>
<branch type="ELSE">
<kw name="Set Variable" owner="BuiltIn">
<var>${response}</var>
<arg>${stdout}</arg>
<doc>Returns the given values which can then be assigned to a variables.</doc>
<status status="NOT RUN" start="2026-02-13T22:06:51.976659" elapsed="0.000011"/>
</kw>
<status status="NOT RUN" start="2026-02-13T22:06:51.976600" elapsed="0.000088"/>
</branch>
<status status="PASS" start="2026-02-13T22:06:51.976119" elapsed="0.000580"/>
</if>
<return>
<value>${response}</value>
<status status="PASS" start="2026-02-13T22:06:51.976730" elapsed="0.000034"/>
</return>
<msg time="2026-02-13T22:06:51.976850" level="INFO">${routes} = []</msg>
<var>${routes}</var>
<arg>module/${module_id}/list-routes</arg>
<arg>{}</arg>
<status status="PASS" start="2026-02-13T22:06:50.542248" elapsed="1.434616"/>
</kw>
<kw name="Log" owner="BuiltIn">
<msg time="2026-02-13T22:06:51.977003" level="INFO">Remaining routes after cleanup: []</msg>
<arg>Remaining routes after cleanup: ${routes}</arg>
<doc>Logs the given message with the given level.</doc>
<status status="PASS" start="2026-02-13T22:06:51.976931" elapsed="0.000095"/>
</kw>
<kw name="Run task" owner="api">
<kw name="Execute Command" owner="SSHLibrary">
<msg time="2026-02-13T22:06:51.977658" level="INFO">Executing command 'api-cli run module/nethvoice-proxy1/list-trunks --data '{}''.</msg>
<msg time="2026-02-13T22:06:53.307745" level="INFO">Command exited with return code 0.</msg>
<msg time="2026-02-13T22:06:53.308078" level="INFO">${stdout} = []</msg>
<msg time="2026-02-13T22:06:53.308188" level="INFO">${stderr} = </msg>
<msg time="2026-02-13T22:06:53.308246" level="INFO">${rc} = 0</msg>
<var>${stdout}</var>
<var>${stderr}</var>
<var>${rc}</var>
<arg>api-cli run ${action} --data '${input}'</arg>
<arg>return_stdout=True</arg>
<arg>return_stderr=True</arg>
<arg>return_rc=True</arg>
<doc>Executes ``command`` on the remote machine and returns its outputs.</doc>
<status status="PASS" start="2026-02-13T22:06:51.977527" elapsed="1.330743"/>
</kw>
<kw name="Should Be Equal As Integers" owner="BuiltIn">
<msg time="2026-02-13T22:06:53.308911" level="INFO">Argument types are:
&lt;class 'str'&gt;
&lt;class 'int'&gt;</msg>
<arg>${rc_expected}</arg>
<arg>${rc}</arg>
<arg>Run task ${action} failed!${\n}${stderr}</arg>
<doc>Fails if objects are unequal after converting them to integers.</doc>
<status status="PASS" start="2026-02-13T22:06:53.308478" elapsed="0.000521"/>
</kw>
<if>
<branch type="IF" condition="${decode_json} and len($stdout) &gt; 0">
<kw name="Evaluate" owner="BuiltIn">
<msg time="2026-02-13T22:06:53.309911" level="INFO">${response} = []</msg>
<var>${response}</var>
<arg>json.loads('''${stdout}''')</arg>
<arg>modules=json</arg>
<doc>Evaluates the given expression in Python and returns the result.</doc>
<status status="PASS" start="2026-02-13T22:06:53.309567" elapsed="0.000378"/>
</kw>
<status status="PASS" start="2026-02-13T22:06:53.309157" elapsed="0.000836"/>
</branch>
<branch type="ELSE">
<kw name="Set Variable" owner="BuiltIn">
<var>${response}</var>
<arg>${stdout}</arg>
<doc>Returns the given values which can then be assigned to a variables.</doc>
<status status="NOT RUN" start="2026-02-13T22:06:53.310189" elapsed="0.000025"/>
</kw>
<status status="NOT RUN" start="2026-02-13T22:06:53.310043" elapsed="0.000213"/>
</branch>
<status status="PASS" start="2026-02-13T22:06:53.309120" elapsed="0.001160"/>
</if>
<return>
<value>${response}</value>
<status status="PASS" start="2026-02-13T22:06:53.310337" elapsed="0.000056"/>
</return>
<msg time="2026-02-13T22:06:53.310511" level="INFO">${trunks} = []</msg>
<var>${trunks}</var>
<arg>module/${module_id}/list-trunks</arg>
<arg>{}</arg>
<status status="PASS" start="2026-02-13T22:06:51.977299" elapsed="1.333227"/>
</kw>
<kw name="Log" owner="BuiltIn">
<msg time="2026-02-13T22:06:53.310668" level="INFO">Remaining trunks after cleanup: []</msg>
<arg>Remaining trunks after cleanup: ${trunks}</arg>
<doc>Logs the given message with the given level.</doc>
<status status="PASS" start="2026-02-13T22:06:53.310596" elapsed="0.000094"/>
</kw>
<doc>Confirm the module is in a clean state with no test artifacts.</doc>
<status status="PASS" start="2026-02-13T22:06:50.541595" elapsed="2.769167"/>
</test>
<status status="PASS" start="2026-02-13T22:06:35.180971" elapsed="18.129978"/>
</suite>
<kw name="Stop All UAS Servers" owner="sipp" type="TEARDOWN">
<kw name="Stop UAS Server" owner="sipp">
<kw name="Set Variable" owner="BuiltIn">
<msg time="2026-02-13T22:06:53.311866" level="INFO">${pid_file} = /tmp/sipp_uas_5080.pid</msg>
<var>${pid_file}</var>
<arg>/tmp/sipp_uas_${port}.pid</arg>
<doc>Returns the given values which can then be assigned to a variables.</doc>
<status status="PASS" start="2026-02-13T22:06:53.311779" elapsed="0.000101"/>
</kw>
<kw name="Execute Command" owner="SSHLibrary">
<msg time="2026-02-13T22:06:53.312061" level="INFO">Executing command 'runagent -m nethvoice-proxy1 cat /tmp/sipp_uas_5080.pid 2&gt;/dev/null'.</msg>
<msg time="2026-02-13T22:06:54.471712" level="INFO">Command exited with return code 1.</msg>
<msg time="2026-02-13T22:06:54.471937" level="INFO">${pid} = </msg>
<msg time="2026-02-13T22:06:54.471971" level="INFO">${rc} = 1</msg>
<var>${pid}</var>
<var>${rc}</var>
<arg>runagent -m ${module_id} cat ${pid_file} 2&gt;/dev/null</arg>
<arg>return_rc=True</arg>
<doc>Executes ``command`` on the remote machine and returns its outputs.</doc>
<status status="PASS" start="2026-02-13T22:06:53.311941" elapsed="1.160049"/>
</kw>
<if>
<branch type="IF" condition="${rc} == 0">
<kw name="Execute Command" owner="SSHLibrary">
<arg>runagent -m ${module_id} sh -c 'kill ${pid} 2&gt;/dev/null; sleep 1; kill -9 ${pid} 2&gt;/dev/null'</arg>
<arg>timeout=10s</arg>
<doc>Executes ``command`` on the remote machine and returns its outputs.</doc>
<status status="NOT RUN" start="2026-02-13T22:06:54.472417" elapsed="0.000019"/>
</kw>
<kw name="Execute Command" owner="SSHLibrary">
<arg>runagent -m ${module_id} rm -f ${pid_file}</arg>
<doc>Executes ``command`` on the remote machine and returns its outputs.</doc>
<status status="NOT RUN" start="2026-02-13T22:06:54.472519" elapsed="0.000010"/>
</kw>
<status status="NOT RUN" start="2026-02-13T22:06:54.472157" elapsed="0.000389"/>
</branch>
<status status="PASS" start="2026-02-13T22:06:54.472125" elapsed="0.000449"/>
</if>
<kw name="Execute Command" owner="SSHLibrary">
<msg time="2026-02-13T22:06:54.472849" level="INFO">Executing command 'runagent -m nethvoice-proxy1 sh -c 'fuser -k 5080/udp 2&gt;/dev/null; fuser -k 5080/tcp 2&gt;/dev/null''.</msg>
<msg time="2026-02-13T22:06:55.595493" level="INFO">Command exited with return code 1.</msg>
<arg>runagent -m ${module_id} sh -c 'fuser -k ${port}/udp 2&gt;/dev/null; fuser -k ${port}/tcp 2&gt;/dev/null'</arg>
<arg>timeout=5s</arg>
<doc>Executes ``command`` on the remote machine and returns its outputs.</doc>
<status status="PASS" start="2026-02-13T22:06:54.472635" elapsed="1.123052"/>
</kw>
<arg>${PBX1_SIP_PORT}</arg>
<doc>Stop a SIPp UAS server by port</doc>
<status status="PASS" start="2026-02-13T22:06:53.311654" elapsed="2.284182"/>
</kw>
<kw name="Stop UAS Server" owner="sipp">
<kw name="Set Variable" owner="BuiltIn">
<msg time="2026-02-13T22:06:55.597008" level="INFO">${pid_file} = /tmp/sipp_uas_5082.pid</msg>
<var>${pid_file}</var>
<arg>/tmp/sipp_uas_${port}.pid</arg>
<doc>Returns the given values which can then be assigned to a variables.</doc>
<status status="PASS" start="2026-02-13T22:06:55.596783" elapsed="0.000276"/>
</kw>
<kw name="Execute Command" owner="SSHLibrary">
<msg time="2026-02-13T22:06:55.597483" level="INFO">Executing command 'runagent -m nethvoice-proxy1 cat /tmp/sipp_uas_5082.pid 2&gt;/dev/null'.</msg>
<msg time="2026-02-13T22:06:56.564285" level="INFO">Command exited with return code 1.</msg>
<msg time="2026-02-13T22:06:56.564530" level="INFO">${pid} = </msg>
<msg time="2026-02-13T22:06:56.564573" level="INFO">${rc} = 1</msg>
<var>${pid}</var>
<var>${rc}</var>
<arg>runagent -m ${module_id} cat ${pid_file} 2&gt;/dev/null</arg>
<arg>return_rc=True</arg>
<doc>Executes ``command`` on the remote machine and returns its outputs.</doc>
<status status="PASS" start="2026-02-13T22:06:55.597223" elapsed="0.967375"/>
</kw>
<if>
<branch type="IF" condition="${rc} == 0">
<kw name="Execute Command" owner="SSHLibrary">
<arg>runagent -m ${module_id} sh -c 'kill ${pid} 2&gt;/dev/null; sleep 1; kill -9 ${pid} 2&gt;/dev/null'</arg>
<arg>timeout=10s</arg>
<doc>Executes ``command`` on the remote machine and returns its outputs.</doc>
<status status="NOT RUN" start="2026-02-13T22:06:56.565199" elapsed="0.000046"/>
</kw>
<kw name="Execute Command" owner="SSHLibrary">
<arg>runagent -m ${module_id} rm -f ${pid_file}</arg>
<doc>Executes ``command`` on the remote machine and returns its outputs.</doc>
<status status="NOT RUN" start="2026-02-13T22:06:56.565372" elapsed="0.000024"/>
</kw>
<status status="NOT RUN" start="2026-02-13T22:06:56.564775" elapsed="0.000657"/>
</branch>
<status status="PASS" start="2026-02-13T22:06:56.564728" elapsed="0.000742"/>
</if>
<kw name="Execute Command" owner="SSHLibrary">
<msg time="2026-02-13T22:06:56.565911" level="INFO">Executing command 'runagent -m nethvoice-proxy1 sh -c 'fuser -k 5082/udp 2&gt;/dev/null; fuser -k 5082/tcp 2&gt;/dev/null''.</msg>
<msg time="2026-02-13T22:06:57.605620" level="INFO">Command exited with return code 1.</msg>
<arg>runagent -m ${module_id} sh -c 'fuser -k ${port}/udp 2&gt;/dev/null; fuser -k ${port}/tcp 2&gt;/dev/null'</arg>
<arg>timeout=5s</arg>
<doc>Executes ``command`` on the remote machine and returns its outputs.</doc>
<status status="PASS" start="2026-02-13T22:06:56.565573" elapsed="1.040249"/>
</kw>
<arg>${PBX2_SIP_PORT}</arg>
<doc>Stop a SIPp UAS server by port</doc>
<status status="PASS" start="2026-02-13T22:06:55.596307" elapsed="2.009662"/>
</kw>
<doc>Stop all known UAS servers</doc>
<status status="PASS" start="2026-02-13T22:06:53.311464" elapsed="4.294628"/>
</kw>
<status status="FAIL" start="2026-02-13T22:03:42.389128" elapsed="195.217030"/>
</suite>
<suite id="s1-s5" name="99 Nethvoice-Proxy Remove-Module" source="/home/pwuser/ns8-module/tests/99_nethvoice-proxy_remove-module.robot">
<test id="s1-s5-t1" name="Check if nethvoice-proxy is removed correctly" line="5">
<kw name="Execute Command" owner="SSHLibrary">
<msg time="2026-02-13T22:06:57.608771" level="INFO">Executing command 'remove-module --no-preserve nethvoice-proxy1'.</msg>
<msg time="2026-02-13T22:07:09.925424" level="INFO">Command exited with return code 0.</msg>
<msg time="2026-02-13T22:07:09.925656" level="INFO">${rc} = 0</msg>
<var>${rc}</var>
<arg>remove-module --no-preserve ${module_id}</arg>
<arg>return_rc=True</arg>
<arg>return_stdout=False</arg>
<doc>Executes ``command`` on the remote machine and returns its outputs.</doc>
<status status="PASS" start="2026-02-13T22:06:57.608564" elapsed="12.317115"/>
</kw>
<kw name="Should Be Equal As Integers" owner="BuiltIn">
<msg time="2026-02-13T22:07:09.926071" level="INFO">Argument types are:
&lt;class 'int'&gt;
&lt;class 'str'&gt;</msg>
<arg>${rc}</arg>
<arg>0</arg>
<doc>Fails if objects are unequal after converting them to integers.</doc>
<status status="PASS" start="2026-02-13T22:07:09.925872" elapsed="0.000264"/>
</kw>
<status status="PASS" start="2026-02-13T22:06:57.608353" elapsed="12.317872"/>
</test>
<status status="PASS" start="2026-02-13T22:06:57.606799" elapsed="12.319648"/>
</suite>
<status status="FAIL" start="2026-02-13T21:59:28.704118" elapsed="461.222825"/>
</suite>
<statistics>
<total>
<stat pass="85" fail="40" skip="0">All Tests</stat>
</total>
<tag>
<stat pass="0" fail="1" skip="0">failover</stat>
<stat pass="0" fail="1" skip="0">slow</stat>
<stat pass="0" fail="1" skip="0">tls</stat>
</tag>
<suite>
<stat name="Tests" id="s1" pass="85" fail="40" skip="0">Tests</stat>
<stat name="00 Nethvoice-Proxy Add-Module" id="s1-s1" pass="3" fail="0" skip="0">Tests.00 Nethvoice-Proxy Add-Module</stat>
<stat name="01 Container Health" id="s1-s2" pass="8" fail="0" skip="0">Tests.01 Container Health</stat>
<stat name="10 Actions" id="s1-s3" pass="55" fail="0" skip="0">Tests.10 Actions</stat>
<stat name="00 Add Route Validate" id="s1-s3-s1" pass="8" fail="0" skip="0">Tests.10 Actions.00 Add Route Validate</stat>
<stat name="00 Add Trunk Validate" id="s1-s3-s2" pass="9" fail="0" skip="0">Tests.10 Actions.00 Add Trunk Validate</stat>
<stat name="00 Configure Module Validate" id="s1-s3-s3" pass="10" fail="0" skip="0">Tests.10 Actions.00 Configure Module Validate</stat>
<stat name="00 Get Configuration Validate" id="s1-s3-s4" pass="1" fail="0" skip="0">Tests.10 Actions.00 Get Configuration Validate</stat>
<stat name="00 Get Route Validate" id="s1-s3-s5" pass="2" fail="0" skip="0">Tests.10 Actions.00 Get Route Validate</stat>
<stat name="00 Get Trunk Validate" id="s1-s3-s6" pass="2" fail="0" skip="0">Tests.10 Actions.00 Get Trunk Validate</stat>
<stat name="00 Remove Route Validate" id="s1-s3-s7" pass="2" fail="0" skip="0">Tests.10 Actions.00 Remove Route Validate</stat>
<stat name="00 Remove Trunk Validate" id="s1-s3-s8" pass="3" fail="0" skip="0">Tests.10 Actions.00 Remove Trunk Validate</stat>
<stat name="10 Configure Integrations" id="s1-s3-s9" pass="2" fail="0" skip="0">Tests.10 Actions.10 Configure Integrations</stat>
<stat name="10 Routes Integrations" id="s1-s3-s10" pass="8" fail="0" skip="0">Tests.10 Actions.10 Routes Integrations</stat>
<stat name="10 Trunks Integrations" id="s1-s3-s11" pass="8" fail="0" skip="0">Tests.10 Actions.10 Trunks Integrations</stat>
<stat name="20 E2E Sipp" id="s1-s4" pass="18" fail="40" skip="0">Tests.20 E2E Sipp</stat>
<stat name="00 Sipp Setup" id="s1-s4-s1" pass="7" fail="2" skip="0">Tests.20 E2E Sipp.00 Sipp Setup</stat>
<stat name="10 Basic Call" id="s1-s4-s2" pass="0" fail="3" skip="0">Tests.20 E2E Sipp.10 Basic Call</stat>
<stat name="11 Call With Media" id="s1-s4-s3" pass="0" fail="3" skip="0">Tests.20 E2E Sipp.11 Call With Media</stat>
<stat name="12 Call Cancel" id="s1-s4-s4" pass="0" fail="2" skip="0">Tests.20 E2E Sipp.12 Call Cancel</stat>
<stat name="13 Call Busy" id="s1-s4-s5" pass="0" fail="1" skip="0">Tests.20 E2E Sipp.13 Call Busy</stat>
<stat name="14 Call Timeout" id="s1-s4-s6" pass="0" fail="2" skip="0">Tests.20 E2E Sipp.14 Call Timeout</stat>
<stat name="15 Concurrent Calls" id="s1-s4-s7" pass="0" fail="3" skip="0">Tests.20 E2E Sipp.15 Concurrent Calls</stat>
<stat name="20 Multi Pbx Setup" id="s1-s4-s8" pass="3" fail="0" skip="0">Tests.20 E2E Sipp.20 Multi Pbx Setup</stat>
<stat name="21 Domain Routing" id="s1-s4-s9" pass="0" fail="3" skip="0">Tests.20 E2E Sipp.21 Domain Routing</stat>
<stat name="22 Trunk Routing" id="s1-s4-s10" pass="0" fail="3" skip="0">Tests.20 E2E Sipp.22 Trunk Routing</stat>
<stat name="23 Load Balancing" id="s1-s4-s11" pass="0" fail="2" skip="0">Tests.20 E2E Sipp.23 Load Balancing</stat>
<stat name="24 Failover" id="s1-s4-s12" pass="0" fail="2" skip="0">Tests.20 E2E Sipp.24 Failover</stat>
<stat name="25 Cross Pbx Concurrent" id="s1-s4-s13" pass="0" fail="3" skip="0">Tests.20 E2E Sipp.25 Cross Pbx Concurrent</stat>
<stat name="30 Srtp Transcoding" id="s1-s4-s14" pass="0" fail="2" skip="0">Tests.20 E2E Sipp.30 Srtp Transcoding</stat>
<stat name="31 Codec Negotiation" id="s1-s4-s15" pass="0" fail="2" skip="0">Tests.20 E2E Sipp.31 Codec Negotiation</stat>
<stat name="32 Tls Signaling" id="s1-s4-s16" pass="0" fail="1" skip="0">Tests.20 E2E Sipp.32 Tls Signaling</stat>
<stat name="33 Topology Hiding" id="s1-s4-s17" pass="0" fail="1" skip="0">Tests.20 E2E Sipp.33 Topology Hiding</stat>
<stat name="34 Nat Traversal" id="s1-s4-s18" pass="0" fail="2" skip="0">Tests.20 E2E Sipp.34 Nat Traversal</stat>
<stat name="35 In Dialog Requests" id="s1-s4-s19" pass="0" fail="3" skip="0">Tests.20 E2E Sipp.35 In Dialog Requests</stat>
<stat name="40 Media Leak Check" id="s1-s4-s20" pass="3" fail="0" skip="0">Tests.20 E2E Sipp.40 Media Leak Check</stat>
<stat name="99 Sipp Teardown" id="s1-s4-s21" pass="5" fail="0" skip="0">Tests.20 E2E Sipp.99 Sipp Teardown</stat>
<stat name="99 Nethvoice-Proxy Remove-Module" id="s1-s5" pass="1" fail="0" skip="0">Tests.99 Nethvoice-Proxy Remove-Module</stat>
</suite>
</statistics>
<errors>
</errors>
</robot>
